Log file open, 12/10/17 18:47:31
LogWindows: Failed to load 'aqProf.dll' (GetLastError=126)
LogWindows: File 'aqProf.dll' does not exist
LogWindows: Failed to load 'VtuneApi.dll' (GetLastError=126)
LogWindows: File 'VtuneApi.dll' does not exist
LogWindows: Failed to load 'VtuneApi32e.dll' (GetLastError=126)
LogWindows: File 'VtuneApi32e.dll' does not exist
LogInit: Display: Running engine for game: Bomberman
LogPlatformFile: Not using cached read wrapper
LogInit: Display: RandInit(1640013534) SRandInit(1640013534).
LogInit: Read version file with build ID '3709383'
LogInit: Overriding engine version to CL 3754814, compatible CL 3709383
LogInit: Registered custom module enumerator with build ID '3709383'
LogTaskGraph: Started task graph with 5 named threads and 11 total threads with 3 sets of task threads.
LogStats: Stats thread started at 0.658894
LogD3D11RHI: Aftermath initialized
LogPluginManager: Mounting plugin Paper2D
LogPluginManager: Mounting plugin LightPropagationVolume
LogPluginManager: Mounting plugin CodeLiteSourceCodeAccess
LogPluginManager: Mounting plugin GitSourceControl
LogPluginManager: Mounting plugin KDevelopSourceCodeAccess
LogPluginManager: Mounting plugin NullSourceCodeAccess
LogPluginManager: Mounting plugin PerforceSourceControl
LogPluginManager: Mounting plugin SubversionSourceControl
LogPluginManager: Mounting plugin UObjectPlugin
LogPluginManager: Mounting plugin VisualStudioCodeSourceCodeAccess
LogPluginManager: Mounting plugin VisualStudioSourceCodeAccess
LogPluginManager: Mounting plugin XCodeSourceCodeAccess
LogPluginManager: Mounting plugin AssetManagerEditor
LogPluginManager: Mounting plugin AudioCapture
LogPluginManager: Mounting plugin FacialAnimation
LogPluginManager: Mounting plugin GameplayTagsEditor
LogPluginManager: Mounting plugin MobileLauncherProfileWizard
LogPluginManager: Mounting plugin PluginBrowser
LogPluginManager: Mounting plugin SpeedTreeImporter
LogPluginManager: Mounting plugin AlembicImporter
LogPluginManager: Mounting plugin CharacterAI
LogPluginManager: Mounting plugin HTML5Networking
LogPluginManager: Mounting plugin AndroidMedia
LogPluginManager: Mounting plugin AvfMedia
LogPluginManager: Mounting plugin ImgMedia
LogPluginManager: Mounting plugin MediaCompositing
LogPluginManager: Mounting plugin MediaPlayerEditor
LogPluginManager: Mounting plugin WmfMedia
LogPluginManager: Mounting plugin TcpMessaging
LogPluginManager: Mounting plugin UdpMessaging
LogPluginManager: Mounting plugin ActorSequence
LogPluginManager: Mounting plugin LevelSequenceEditor
LogPluginManager: Mounting plugin MatineeToLevelSequence
LogPluginManager: Mounting plugin OnlineSubsystemGooglePlay
LogPluginManager: Mounting plugin OnlineSubsystemIOS
LogPluginManager: Mounting plugin OnlineSubsystem
LogPluginManager: Mounting plugin OnlineSubsystemNull
LogPluginManager: Mounting plugin OnlineSubsystemUtils
LogPluginManager: Mounting plugin AndroidDeviceProfileSelector
LogPluginManager: Mounting plugin AndroidMoviePlayer
LogPluginManager: Mounting plugin AndroidPermission
LogPluginManager: Mounting plugin AppleARKit
LogPluginManager: Mounting plugin AppleMoviePlayer
LogPluginManager: Mounting plugin ArchVisCharacter
LogPluginManager: Mounting plugin CableComponent
LogPluginManager: Mounting plugin CustomMeshComponent
LogPluginManager: Mounting plugin ExampleDeviceProfileSelector
LogPluginManager: Mounting plugin GoogleCloudMessaging
LogPluginManager: Mounting plugin ImmediatePhysics
LogPluginManager: Mounting plugin IOSDeviceProfileSelector
LogPluginManager: Mounting plugin LinuxDeviceProfileSelector
LogPluginManager: Mounting plugin LocationServicesBPLibrary
LogPluginManager: Mounting plugin MobilePatchingUtils
LogPluginManager: Mounting plugin OculusVR
LogPluginManager: Plugin shader directory ../../../Engine/Plugins/Runtime/Oculus/OculusVR/Shaders found
LogPluginManager: Mapping shader source directory ../../../Engine/Plugins/Runtime/Oculus/OculusVR/Shaders to virtual directory /Plugin/OculusVR
LogPluginManager: Mounting plugin PhysXVehicles
LogPluginManager: Mounting plugin ProceduralMeshComponent
LogPluginManager: Mounting plugin RuntimePhysXCooking
LogPluginManager: Mounting plugin SteamVR
LogPluginManager: Mounting plugin WindowsMoviePlayer
LogModuleManager: Display: Found up-to-date module file ../../../../../../Users/Zakkar/Documents/GitHub/IKA/Bomberman/Binaries/Win64/UE4Editor-Bomberman.dll (API version 3709383).
LogModuleManager: Display: Found up-to-date module file ../../../Engine/Plugins/2D/Paper2D/Binaries/Win64/UE4Editor-Paper2D.dll (API version 3709383).
LogModuleManager: Display: Found up-to-date module file ../../../Engine/Plugins/2D/Paper2D/Binaries/Win64/UE4Editor-Paper2DEditor.dll (API version 3709383).
LogModuleManager: Display: Found up-to-date module file ../../../Engine/Plugins/2D/Paper2D/Binaries/Win64/UE4Editor-PaperSpriteSheetImporter.dll (API version 3709383).
LogModuleManager: Display: Found up-to-date module file ../../../Engine/Plugins/2D/Paper2D/Binaries/Win64/UE4Editor-PaperTiledImporter.dll (API version 3709383).
LogModuleManager: Display: Found up-to-date module file ../../../Engine/Plugins/2D/Paper2D/Binaries/Win64/UE4Editor-SmartSnapping.dll (API version 3709383).
LogModuleManager: Display: Found up-to-date module file ../../../Engine/Plugins/Blendables/LightPropagationVolume/Binaries/Win64/UE4Editor-LightPropagationVolumeRuntime.dll (API version 3709383).
LogModuleManager: Display: Found up-to-date module file ../../../Engine/Plugins/Blendables/LightPropagationVolume/Binaries/Win64/UE4Editor-LightPropagationVolumeEditor.dll (API version 3709383).
LogModuleManager: Display: Found up-to-date module file ../../../Engine/Plugins/Developer/GitSourceControl/Binaries/Win64/UE4Editor-GitSourceControl.dll (API version 3709383).
LogModuleManager: Display: Found up-to-date module file ../../../Engine/Plugins/Developer/PerforceSourceControl/Binaries/Win64/UE4Editor-PerforceSourceControl.dll (API version 3709383).
LogModuleManager: Display: Found up-to-date module file ../../../Engine/Plugins/Developer/SubversionSourceControl/Binaries/Win64/UE4Editor-SubversionSourceControl.dll (API version 3709383).
LogModuleManager: Display: Found up-to-date module file ../../../Engine/Plugins/Developer/UObjectPlugin/Binaries/Win64/UE4Editor-UObjectPlugin.dll (API version 3709383).
LogModuleManager: Display: Found up-to-date module file ../../../Engine/Plugins/Developer/VisualStudioCodeSourceCodeAccess/Binaries/Win64/UE4Editor-VisualStudioCodeSourceCodeAccess.dll (API version 3709383).
LogModuleManager: Display: Found up-to-date module file ../../../Engine/Plugins/Developer/VisualStudioSourceCodeAccess/Binaries/Win64/UE4Editor-VisualStudioSourceCodeAccess.dll (API version 3709383).
LogModuleManager: Display: Found up-to-date module file ../../../Engine/Plugins/Editor/AssetManagerEditor/Binaries/Win64/UE4Editor-AssetManagerEditor.dll (API version 3709383).
LogModuleManager: Display: Found up-to-date module file ../../../Engine/Plugins/Editor/AudioCapture/Binaries/Win64/UE4Editor-AudioCapture.dll (API version 3709383).
LogModuleManager: Display: Found up-to-date module file ../../../Engine/Plugins/Editor/FacialAnimation/Binaries/Win64/UE4Editor-FacialAnimation.dll (API version 3709383).
LogModuleManager: Display: Found up-to-date module file ../../../Engine/Plugins/Editor/FacialAnimation/Binaries/Win64/UE4Editor-FacialAnimationEditor.dll (API version 3709383).
LogModuleManager: Display: Found up-to-date module file ../../../Engine/Plugins/Editor/GameplayTagsEditor/Binaries/Win64/UE4Editor-GameplayTagsEditor.dll (API version 3709383).
LogModuleManager: Display: Found up-to-date module file ../../../Engine/Plugins/Editor/MobileLauncherProfileWizard/Binaries/Win64/UE4Editor-MobileLauncherProfileWizard.dll (API version 3709383).
LogModuleManager: Display: Found up-to-date module file ../../../Engine/Plugins/Editor/PluginBrowser/Binaries/Win64/UE4Editor-PluginBrowser.dll (API version 3709383).
LogModuleManager: Display: Found up-to-date module file ../../../Engine/Plugins/Editor/SpeedTreeImporter/Binaries/Win64/UE4Editor-SpeedTreeImporter.dll (API version 3709383).
LogModuleManager: Display: Found up-to-date module file ../../../Engine/Plugins/Experimental/AlembicImporter/Binaries/Win64/UE4Editor-AlembicImporter.dll (API version 3709383).
LogModuleManager: Display: Found up-to-date module file ../../../Engine/Plugins/Experimental/AlembicImporter/Binaries/Win64/UE4Editor-AlembicLibrary.dll (API version 3709383).
LogModuleManager: Display: Found up-to-date module file ../../../Engine/Plugins/Experimental/CharacterAI/Binaries/Win64/UE4Editor-CharacterAI.dll (API version 3709383).
LogModuleManager: Display: Found up-to-date module file ../../../Engine/Plugins/Experimental/HTML5Networking/Binaries/Win64/UE4Editor-HTML5Networking.dll (API version 3709383).
LogModuleManager: Display: Found up-to-date module file ../../../Engine/Plugins/Media/AndroidMedia/Binaries/Win64/UE4Editor-AndroidMediaEditor.dll (API version 3709383).
LogModuleManager: Display: Found up-to-date module file ../../../Engine/Plugins/Media/AndroidMedia/Binaries/Win64/UE4Editor-AndroidMediaFactory.dll (API version 3709383).
LogModuleManager: Display: Found up-to-date module file ../../../Engine/Plugins/Media/AvfMedia/Binaries/Win64/UE4Editor-AvfMediaEditor.dll (API version 3709383).
LogModuleManager: Display: Found up-to-date module file ../../../Engine/Plugins/Media/AvfMedia/Binaries/Win64/UE4Editor-AvfMediaFactory.dll (API version 3709383).
LogModuleManager: Display: Found up-to-date module file ../../../Engine/Plugins/Media/AvfMedia/Binaries/Win64/UE4Editor-AvfMediaFactory.dll (API version 3709383).
LogModuleManager: Display: Found up-to-date module file ../../../Engine/Plugins/Media/ImgMedia/Binaries/Win64/UE4Editor-ImgMedia.dll (API version 3709383).
LogModuleManager: Display: Found up-to-date module file ../../../Engine/Plugins/Media/ImgMedia/Binaries/Win64/UE4Editor-ImgMediaEditor.dll (API version 3709383).
LogModuleManager: Display: Found up-to-date module file ../../../Engine/Plugins/Media/ImgMedia/Binaries/Win64/UE4Editor-ImgMediaFactory.dll (API version 3709383).
LogModuleManager: Display: Found up-to-date module file ../../../Engine/Plugins/Media/ImgMedia/Binaries/Win64/UE4Editor-ImgMediaFactory.dll (API version 3709383).
LogModuleManager: Display: Found up-to-date module file ../../../Engine/Plugins/Media/ImgMedia/Binaries/Win64/UE4Editor-OpenExrWrapper.dll (API version 3709383).
LogModuleManager: Display: Found up-to-date module file ../../../Engine/Plugins/Media/MediaCompositing/Binaries/Win64/UE4Editor-MediaCompositing.dll (API version 3709383).
LogModuleManager: Display: Found up-to-date module file ../../../Engine/Plugins/Media/MediaCompositing/Binaries/Win64/UE4Editor-MediaCompositingEditor.dll (API version 3709383).
LogModuleManager: Display: Found up-to-date module file ../../../Engine/Plugins/Media/MediaPlayerEditor/Binaries/Win64/UE4Editor-MediaPlayerEditor.dll (API version 3709383).
LogModuleManager: Display: Found up-to-date module file ../../../Engine/Plugins/Media/WmfMedia/Binaries/Win64/UE4Editor-WmfMedia.dll (API version 3709383).
LogModuleManager: Display: Found up-to-date module file ../../../Engine/Plugins/Media/WmfMedia/Binaries/Win64/UE4Editor-WmfMediaEditor.dll (API version 3709383).
LogModuleManager: Display: Found up-to-date module file ../../../Engine/Plugins/Media/WmfMedia/Binaries/Win64/UE4Editor-WmfMediaFactory.dll (API version 3709383).
LogModuleManager: Display: Found up-to-date module file ../../../Engine/Plugins/Media/WmfMedia/Binaries/Win64/UE4Editor-WmfMediaFactory.dll (API version 3709383).
LogModuleManager: Display: Found up-to-date module file ../../../Engine/Plugins/Messaging/TcpMessaging/Binaries/Win64/UE4Editor-TcpMessaging.dll (API version 3709383).
LogModuleManager: Display: Found up-to-date module file ../../../Engine/Plugins/Messaging/UdpMessaging/Binaries/Win64/UE4Editor-UdpMessaging.dll (API version 3709383).
LogModuleManager: Display: Found up-to-date module file ../../../Engine/Plugins/MovieScene/ActorSequence/Binaries/Win64/UE4Editor-ActorSequence.dll (API version 3709383).
LogModuleManager: Display: Found up-to-date module file ../../../Engine/Plugins/MovieScene/LevelSequenceEditor/Binaries/Win64/UE4Editor-LevelSequenceEditor.dll (API version 3709383).
LogModuleManager: Display: Found up-to-date module file ../../../Engine/Plugins/MovieScene/MatineeToLevelSequence/Binaries/Win64/UE4Editor-MatineeToLevelSequence.dll (API version 3709383).
LogModuleManager: Display: Found up-to-date module file ../../../Engine/Plugins/Online/OnlineSubsystem/Binaries/Win64/UE4Editor-OnlineSubsystem.dll (API version 3709383).
LogModuleManager: Display: Found up-to-date module file ../../../Engine/Plugins/Online/OnlineSubsystemNull/Binaries/Win64/UE4Editor-OnlineSubsystemNull.dll (API version 3709383).
LogModuleManager: Display: Found up-to-date module file ../../../Engine/Plugins/Online/OnlineSubsystemUtils/Binaries/Win64/UE4Editor-OnlineSubsystemUtils.dll (API version 3709383).
LogModuleManager: Display: Found up-to-date module file ../../../Engine/Plugins/Online/OnlineSubsystemUtils/Binaries/Win64/UE4Editor-OnlineBlueprintSupport.dll (API version 3709383).
LogModuleManager: Display: Found up-to-date module file ../../../Engine/Plugins/Runtime/AndroidDeviceProfileSelector/Binaries/Win64/UE4Editor-AndroidDeviceProfileSelector.dll (API version 3709383).
LogModuleManager: Display: Found up-to-date module file ../../../Engine/Plugins/Runtime/AndroidPermission/Binaries/Win64/UE4Editor-AndroidPermission.dll (API version 3709383).
LogModuleManager: Display: Found up-to-date module file ../../../Engine/Plugins/Runtime/AppleARKit/Binaries/Win64/UE4Editor-AppleARKit.dll (API version 3709383).
LogModuleManager: Display: Found up-to-date module file ../../../Engine/Plugins/Runtime/ArchVisCharacter/Binaries/Win64/UE4Editor-ArchVisCharacter.dll (API version 3709383).
LogModuleManager: Display: Found up-to-date module file ../../../Engine/Plugins/Runtime/CableComponent/Binaries/Win64/UE4Editor-CableComponent.dll (API version 3709383).
LogModuleManager: Display: Found up-to-date module file ../../../Engine/Plugins/Runtime/CustomMeshComponent/Binaries/Win64/UE4Editor-CustomMeshComponent.dll (API version 3709383).
LogModuleManager: Display: Found up-to-date module file ../../../Engine/Plugins/Runtime/ExampleDeviceProfileSelector/Binaries/Win64/UE4Editor-ExampleDeviceProfileSelector.dll (API version 3709383).
LogModuleManager: Display: Found up-to-date module file ../../../Engine/Plugins/Runtime/ImmediatePhysics/Binaries/Win64/UE4Editor-ImmediatePhysics.dll (API version 3709383).
LogModuleManager: Display: Found up-to-date module file ../../../Engine/Plugins/Runtime/ImmediatePhysics/Binaries/Win64/UE4Editor-ImmediatePhysicsEditor.dll (API version 3709383).
LogModuleManager: Display: Found up-to-date module file ../../../Engine/Plugins/Runtime/LocationServicesBPLibrary/Binaries/Win64/UE4Editor-LocationServicesBPLibrary.dll (API version 3709383).
LogModuleManager: Display: Found up-to-date module file ../../../Engine/Plugins/Runtime/MobilePatchingUtils/Binaries/Win64/UE4Editor-MobilePatchingUtils.dll (API version 3709383).
LogModuleManager: Display: Found up-to-date module file ../../../Engine/Plugins/Runtime/Oculus/OculusVR/Binaries/Win64/UE4Editor-OculusHMD.dll (API version 3709383).
LogModuleManager: Display: Found up-to-date module file ../../../Engine/Plugins/Runtime/Oculus/OculusVR/Binaries/Win64/UE4Editor-OculusInput.dll (API version 3709383).
LogModuleManager: Display: Found up-to-date module file ../../../Engine/Plugins/Runtime/Oculus/OculusVR/Binaries/Win64/UE4Editor-OculusEditor.dll (API version 3709383).
LogModuleManager: Display: Found up-to-date module file ../../../Engine/Plugins/Runtime/PhysXVehicles/Binaries/Win64/UE4Editor-PhysXVehicles.dll (API version 3709383).
LogModuleManager: Display: Found up-to-date module file ../../../Engine/Plugins/Runtime/PhysXVehicles/Binaries/Win64/UE4Editor-PhysXVehiclesEditor.dll (API version 3709383).
LogModuleManager: Display: Found up-to-date module file ../../../Engine/Plugins/Runtime/ProceduralMeshComponent/Binaries/Win64/UE4Editor-ProceduralMeshComponent.dll (API version 3709383).
LogModuleManager: Display: Found up-to-date module file ../../../Engine/Plugins/Runtime/ProceduralMeshComponent/Binaries/Win64/UE4Editor-ProceduralMeshComponentEditor.dll (API version 3709383).
LogModuleManager: Display: Found up-to-date module file ../../../Engine/Plugins/Runtime/RuntimePhysXCooking/Binaries/Win64/UE4Editor-RuntimePhysXCooking.dll (API version 3709383).
LogModuleManager: Display: Found up-to-date module file ../../../Engine/Plugins/Runtime/Steam/SteamVR/Binaries/Win64/UE4Editor-SteamVR.dll (API version 3709383).
LogModuleManager: Display: Found up-to-date module file ../../../Engine/Plugins/Runtime/Steam/SteamVR/Binaries/Win64/UE4Editor-SteamVRController.dll (API version 3709383).
LogModuleManager: Display: Found up-to-date module file ../../../Engine/Plugins/Runtime/WindowsMoviePlayer/Binaries/Win64/UE4Editor-WindowsMoviePlayer.dll (API version 3709383).
LogInit: Using libcurl 7.47.1
LogInit:  - built for x86_64-pc-win32
LogInit:  - supports SSL with OpenSSL/1.0.2g
LogInit:  - supports HTTP deflate (compression) using libz 1.2.8
LogInit:  - other features:
LogInit:      CURL_VERSION_SSL
LogInit:      CURL_VERSION_LIBZ
LogInit:      CURL_VERSION_IPV6
LogInit:      CURL_VERSION_ASYNCHDNS
LogInit:      CURL_VERSION_LARGEFILE
LogInit:      CURL_VERSION_IDN
LogInit:  CurlRequestOptions (configurable via config and command line):
LogInit:  - bVerifyPeer = false  - Libcurl will NOT verify peer certificate
LogInit:  - bUseHttpProxy = false  - Libcurl will NOT use HTTP proxy
LogInit:  - bDontReuseConnections = false  - Libcurl will reuse connections
LogInit:  - CertBundlePath = nullptr  - Libcurl will use whatever was configured at build time.
LogInit: Build: ++UE4+Release-4.18-CL-3754814
LogInit: Engine Version: 4.18.1-3754814+++UE4+Release-4.18
LogInit: Compatible Engine Version: 4.18.0-3709383+++UE4+Release-4.18
LogInit: Net CL: 3709383
LogDevObjectVersion: Number of dev versions registered: 16
LogDevObjectVersion:   Dev-Blueprints (B0D832E4-1F89-4F0D-ACCF-7EB736FD4AA2): 10
LogDevObjectVersion:   Dev-Build (E1C64328-A22C-4D53-A36C-8E866417BD8C): 0
LogDevObjectVersion:   Dev-Core (375EC13C-06E4-48FB-B500-84F0262A717E): 2
LogDevObjectVersion:   Dev-Editor (E4B068ED-F494-42E9-A231-DA0B2E46BB41): 20
LogDevObjectVersion:   Dev-Framework (CFFC743F-43B0-4480-9391-14DF171D2073): 30
LogDevObjectVersion:   Dev-Mobile (B02B49B5-BB20-44E9-A304-32B752E40360): 0
LogDevObjectVersion:   Dev-Networking (A4E4105C-59A1-49B5-A7C5-40C4547EDFEE): 0
LogDevObjectVersion:   Dev-Online (39C831C9-5AE6-47DC-9A44-9C173E1C8E7C): 0
LogDevObjectVersion:   Dev-Physics (78F01B33-EBEA-4F98-B9B4-84EACCB95AA2): 0
LogDevObjectVersion:   Dev-Platform (6631380F-2D4D-43E0-8009-CF276956A95A): 0
LogDevObjectVersion:   Dev-Rendering (12F88B9F-8875-4AFC-A67C-D90C383ABD29): 20
LogDevObjectVersion:   Dev-Sequencer (7B5AE74C-D270-4C10-A958-57980B212A5A): 4
LogDevObjectVersion:   Dev-VR (D7296918-1DD6-4BDD-9DE2-64A83CC13884): 0
LogDevObjectVersion:   Dev-LoadTimes (C2A15278-BFE7-4AFE-6C17-90FF531DF755): 1
LogDevObjectVersion:   Private-Geometry (6EACA3D4-40EC-4CC1-B786-8BED09428FC5): 1
LogDevObjectVersion:   Dev-AnimPhys (29E575DD-E0A3-4627-9D10-D276232CDCEA): 12
LogInit: Compiled (64-bit): Nov 14 2017 02:05:55
LogInit: Compiled with Visual C++: 19.00.24215.01
LogInit: Build Configuration: Development
LogInit: Branch Name: ++UE4+Release-4.18
LogInit: Command line:  -skipcompile
LogInit: Base directory: C:/Program Files/Epic Games/UE_4.18/Engine/Binaries/Win64/
LogInit: Installed Engine Build: 1
LogInit: Presizing for max 8388607 objects, including 0 objects not considered by GC, pre-allocating 0 bytes for permanent pool.
LogInit: Object subsystem initialized
[2017.12.10-23.47.38:517][  0]LogInit: Selected Device Profile: [Windows]
[2017.12.10-23.47.38:518][  0]LogInit: Applying CVar settings loaded from the selected device profile: [Windows]
[2017.12.10-23.47.38:660][  0]LogInit: Computer: DESKTOP-PNP9N2U
[2017.12.10-23.47.38:660][  0]LogInit: User: Zakkar
[2017.12.10-23.47.38:660][  0]LogInit: CPU Page size=4096, Cores=3
[2017.12.10-23.47.38:661][  0]LogInit: High frequency timer resolution =3.433872 MHz
[2017.12.10-23.47.38:673][  0]LogMemory: Memory total: Physical=8.0GB (8GB approx)
[2017.12.10-23.47.38:673][  0]LogMemory: Platform Memory Stats for Windows
[2017.12.10-23.47.38:673][  0]LogMemory: Process Physical Memory: 273.80 MB used, 273.80 MB peak
[2017.12.10-23.47.38:673][  0]LogMemory: Process Virtual Memory: 269.54 MB used, 269.54 MB peak
[2017.12.10-23.47.38:673][  0]LogMemory: Physical Memory: 6213.12 MB used,  1945.54 MB free, 8158.66 MB total
[2017.12.10-23.47.38:673][  0]LogMemory: Virtual Memory: 642.44 MB used,  1945.54 MB free, 134217728.00 MB total
[2017.12.10-23.47.39:913][  0]LogInit: Using OS detected language (en-US).
[2017.12.10-23.47.39:913][  0]LogInit: Using OS detected locale (fr-FR).
[2017.12.10-23.47.40:158][  0]LogTextLocalizationManager: No specific localization for 'en-US' exists, so the 'en' localization will be used.
[2017.12.10-23.47.40:160][  0]LogTextLocalizationManager: No localization for 'fr-FR' exists, so 'en-US' will be used for the locale.
[2017.12.10-23.47.41:053][  0]LogInit: Setting process to per monitor DPI aware
[2017.12.10-23.47.47:132][  0]LogD3D11RHI: D3D11 adapters:
[2017.12.10-23.47.47:545][  0]LogD3D11RHI:    0. 'NVIDIA GeForce GTX 960' (Feature Level 11_0)
[2017.12.10-23.47.47:545][  0]LogD3D11RHI:       2016/0/4079 MB DedicatedVideo/DedicatedSystem/SharedSystem, Outputs:1, VendorId:0x10de
[2017.12.10-23.47.47:591][  0]LogD3D11RHI:    1. 'Microsoft Basic Render Driver' (Feature Level 11_0)
[2017.12.10-23.47.47:591][  0]LogD3D11RHI:       0/0/4079 MB DedicatedVideo/DedicatedSystem/SharedSystem, Outputs:0, VendorId:0x1414
[2017.12.10-23.47.47:591][  0]LogD3D11RHI: Chosen D3D11 Adapter: 0
[2017.12.10-23.47.47:633][  0]LogD3D11RHI: Creating new Direct3DDevice
[2017.12.10-23.47.47:657][  0]LogD3D11RHI:     GPU DeviceId: 0x1401 (for the marketing name, search the web for "GPU Device Id")
[2017.12.10-23.47.47:657][  0]LogWindows: EnumDisplayDevices:
[2017.12.10-23.47.47:657][  0]LogWindows:    0. 'NVIDIA GeForce GTX 960' (P:1 D:1)
[2017.12.10-23.47.47:665][  0]LogWindows:    1. 'NVIDIA GeForce GTX 960' (P:0 D:0)
[2017.12.10-23.47.47:666][  0]LogWindows:    2. 'NVIDIA GeForce GTX 960' (P:0 D:0)
[2017.12.10-23.47.47:667][  0]LogWindows:    3. 'NVIDIA GeForce GTX 960' (P:0 D:0)
[2017.12.10-23.47.47:667][  0]LogWindows: DebugString: FoundDriverCount:4 
[2017.12.10-23.47.47:667][  0]LogD3D11RHI:     Adapter Name: NVIDIA GeForce GTX 960
[2017.12.10-23.47.47:668][  0]LogD3D11RHI:   Driver Version: 388.13 (internal:23.21.13.8813, unified:388.13)
[2017.12.10-23.47.47:669][  0]LogD3D11RHI:      Driver Date: 10-27-2017
[2017.12.10-23.47.47:669][  0]LogRHI: Texture pool is 1411 MB (70% of 2016 MB)
[2017.12.10-23.47.47:808][  0]LogD3D11RHI: Async texture creation enabled
[2017.12.10-23.47.48:210][  0]LogD3D11RHI: GPU Timing Frequency: 1000.000000 (Debug: 2 3)
[2017.12.10-23.47.48:403][  0]LogShaderCompilers: Guid format shader working directory is -15 characters bigger than the processId version (../../../../../../Users/Zakkar/Documents/GitHub/IKA/Bomberman/Intermediate/Shaders/WorkingDirectory/17960/).
[2017.12.10-23.47.48:404][  0]LogShaderCompilers: Cleaned the shader compiler working directory 'C:/Users/Zakkar/AppData/Local/Temp/UnrealShaderWorkingDir/4E25556445199F61EA8869B34202AD87/'.
[2017.12.10-23.47.48:425][  0]LogShaderCompilers: Display: Using Local Shader Compiler.
[2017.12.10-23.47.53:380][  0]LogTemp: Display: Loaded TP AllDesktopTargetPlatform
[2017.12.10-23.47.53:496][  0]LogTemp: Display: Loaded TP MacClientTargetPlatform
[2017.12.10-23.47.53:607][  0]LogTemp: Display: Loaded TP MacNoEditorTargetPlatform
[2017.12.10-23.47.53:714][  0]LogTemp: Display: Loaded TP MacServerTargetPlatform
[2017.12.10-23.47.53:839][  0]LogTemp: Display: Loaded TP MacTargetPlatform
[2017.12.10-23.47.53:953][  0]LogTemp: Display: Loaded TP WindowsClientTargetPlatform
[2017.12.10-23.47.54:075][  0]LogTemp: Display: Loaded TP WindowsNoEditorTargetPlatform
[2017.12.10-23.47.54:190][  0]LogTemp: Display: Loaded TP WindowsServerTargetPlatform
[2017.12.10-23.47.54:292][  0]LogTemp: Display: Loaded TP WindowsTargetPlatform
[2017.12.10-23.47.54:418][  0]LogTemp: Display: Loaded TP Android_ASTCTargetPlatform
[2017.12.10-23.47.54:543][  0]LogTemp: Display: Loaded TP Android_ATCTargetPlatform
[2017.12.10-23.47.54:663][  0]LogTemp: Display: Loaded TP Android_DXTTargetPlatform
[2017.12.10-23.47.54:771][  0]LogTemp: Display: Loaded TP Android_ETC1TargetPlatform
[2017.12.10-23.47.54:887][  0]LogTemp: Display: Loaded TP Android_ETC2TargetPlatform
[2017.12.10-23.47.55:111][  0]LogTemp: Display: Loaded TP Android_MultiTargetPlatform
[2017.12.10-23.47.55:111][  0]LogTemp: Display: Loaded TP Android_PVRTCTargetPlatform
[2017.12.10-23.47.55:236][  0]LogTemp: Display: Loaded TP AndroidTargetPlatform
[2017.12.10-23.47.55:325][  0]LogTemp: Display: Loaded TP HTML5TargetPlatform
[2017.12.10-23.47.55:540][  0]LogTemp: Display: Loaded TP IOSTargetPlatform
[2017.12.10-23.47.55:610][  0]LogTemp: Display: Loaded TP TVOSTargetPlatform
[2017.12.10-23.47.55:739][  0]LogTemp: Display: Loaded TP LinuxClientTargetPlatform
[2017.12.10-23.47.55:873][  0]LogTemp: Display: Loaded TP LinuxNoEditorTargetPlatform
[2017.12.10-23.47.56:015][  0]LogTemp: Display: Loaded TP LinuxServerTargetPlatform
[2017.12.10-23.47.56:155][  0]LogTemp: Display: Loaded TP LinuxTargetPlatform
[2017.12.10-23.47.56:156][  0]LogTargetPlatformManager: Display: Building Assets For Windows
[2017.12.10-23.47.57:878][  0]LogDerivedDataCache: Display: Max Cache Size: 512 MB
[2017.12.10-23.47.58:597][  0]LogDerivedDataCache: Loaded boot cache 0.71s 79MB C:/Users/Zakkar/AppData/Local/UnrealEngine/4.18/DerivedDataCache/Boot.ddc.
[2017.12.10-23.47.58:597][  0]LogDerivedDataCache: Display: Loaded Boot cache: C:/Users/Zakkar/AppData/Local/UnrealEngine/4.18/DerivedDataCache/Boot.ddc
[2017.12.10-23.47.58:597][  0]LogDerivedDataCache: FDerivedDataBackendGraph:  Pak pak cache file ../../../../../../Users/Zakkar/Documents/GitHub/IKA/Bomberman/DerivedDataCache/DDC.ddp not found, will not use a pak cache.
[2017.12.10-23.47.58:598][  0]LogDerivedDataCache: Unable to find inner node Pak for hierarchical cache Hierarchy.
[2017.12.10-23.47.58:598][  0]LogDerivedDataCache: FDerivedDataBackendGraph:  CompressedPak pak cache file ../../../../../../Users/Zakkar/Documents/GitHub/IKA/Bomberman/DerivedDataCache/Compressed.ddp not found, will not use a pak cache.
[2017.12.10-23.47.58:598][  0]LogDerivedDataCache: Unable to find inner node CompressedPak for hierarchical cache Hierarchy.
[2017.12.10-23.47.58:677][  0]LogDerivedDataCache: Display: Pak cache opened for reading ../../../Engine/DerivedDataCache/Compressed.ddp.
[2017.12.10-23.47.58:710][  0]LogDerivedDataCache: Using Local data cache path C:/Users/Zakkar/AppData/Local/UnrealEngine/Common/DerivedDataCache: Writable
[2017.12.10-23.47.58:805][  0]LogMaterial: Verifying Global Shaders for PCD3D_SM5
[2017.12.10-23.47.58:840][  0]LogSlate: Using Freetype 2.6.0
[2017.12.10-23.47.58:953][  0]LogSlate: SlateFontCache - WITH_FREETYPE: 1, WITH_HARFBUZZ: 1
[2017.12.10-23.47.58:961][  0]LogSlate: SlateFontCache - WITH_FREETYPE: 1, WITH_HARFBUZZ: 1
[2017.12.10-23.48.03:974][  0]LogInit: Selected Device Profile: [Windows]
[2017.12.10-23.48.05:998][  0]LogSimplygon: Simplygon DLL not present - disabling.
[2017.12.10-23.48.06:103][  0]LogMeshReduction: Using SimplygonSwarm for distributed automatic mesh merging
[2017.12.10-23.48.06:103][  0]LogMeshReduction: Using QuadricMeshReduction for automatic static mesh reduction
[2017.12.10-23.48.06:103][  0]LogMeshReduction: No automatic skeletal mesh reduction module available
[2017.12.10-23.48.06:104][  0]LogMeshReduction: No automatic mesh merging module available
[2017.12.10-23.48.06:104][  0]LogMeshMerging: No automatic mesh merging module available
[2017.12.10-23.48.06:567][  0]LogNetVersion: Bomberman , NetCL: 3709383, EngineNetVer: 2, GameNetVer: 0 (Checksum: 2909264662)
[2017.12.10-23.48.08:461][  0]LogAssetRegistry: FAssetRegistry took 0.0680 seconds to start up
[2017.12.10-23.48.16:958][  0]LogPackageLocalizationCache: Processed 7 localized package path(s) for 2 prioritized culture(s) in 0.278923 seconds
[2017.12.10-23.48.17:004][  0]LogUObjectArray: 35900 objects as part of root set at end of initial load.
[2017.12.10-23.48.17:004][  0]LogUObjectAllocator: 7372024 out of 0 bytes used by permanent object pool.
[2017.12.10-23.48.17:005][  0]LogUObjectArray: CloseDisregardForGC: 0/0 objects in disregard for GC pool
[2017.12.10-23.48.17:184][  0]LogInit: WinSock: version 1.1 (2.2), MaxSocks=32767, MaxUdp=65467
[2017.12.10-23.48.40:845][  0]LogTcpMessaging: Initializing TcpMessaging bridge
[2017.12.10-23.48.40:971][  0]LogUdpMessaging: Initializing bridge on interface 0.0.0.0:0 to multicast group 230.0.0.1:6666.
[2017.12.10-23.48.46:005][  0]LogMaterial: Uniform references updated for custom material expression Custom.
[2017.12.10-23.48.47:645][  0]SourceControl: Source control is disabled
[2017.12.10-23.48.47:646][  0]SourceControl: Source control is disabled
[2017.12.10-23.48.47:818][  0]SourceControl: Source control is disabled
[2017.12.10-23.48.47:978][  0]SourceControl: Source control is disabled
[2017.12.10-23.48.50:458][  0]LogAndroidPermission: UAndroidPermissionCallbackProxy::GetInstance
[2017.12.10-23.48.51:074][  0]LogOcInput: OculusInput pre-init called
[2017.12.10-23.48.52:243][  0]LogEngine: Initializing Engine...
[2017.12.10-23.48.52:339][  0]LogHMD: Failed to initialize OpenVR with code 110
[2017.12.10-23.48.53:689][  0]LogStats: UGameplayTagsManager::ConstructGameplayTagTree: Construct from data asset -  0.000 s
[2017.12.10-23.48.53:690][  0]LogStats: UGameplayTagsManager::ConstructGameplayTagTree: GameplayTagTreeChangedEvent.Broadcast -  0.000 s
[2017.12.10-23.48.54:519][  0]LogAIModule: Creating AISystem for world Untitled
[2017.12.10-23.48.54:771][  0]LogInit: XAudio2 using 'BenQ GL2460-4 (NVIDIA High Definition Audio)' : 2 channels at 48 kHz using 16 bits per sample (channel mask 0x3)
[2017.12.10-23.48.54:848][  0]LogInit: FAudioDevice initialized.
[2017.12.10-23.48.55:101][  0]LogDerivedDataCache: Saved boot cache 0.23s 79MB C:/Users/Zakkar/AppData/Local/UnrealEngine/4.18/DerivedDataCache/Boot.ddc.
[2017.12.10-23.48.55:160][  0]LogInit: Texture streaming: Enabled
[2017.12.10-23.48.55:546][  0]LogEngineSessionManager: EngineSessionManager initialized
[2017.12.10-23.48.56:131][  0]LogInit: Transaction tracking system initialized
[2017.12.10-23.48.57:175][  0]BlueprintLog: New page: Editor Load
[2017.12.10-23.49.00:429][  0]LocalizationService: Localization service is disabled
[2017.12.10-23.49.02:857][  0]LogConsoleResponse: Display: 
[2017.12.10-23.49.05:195][  0]LogFileCache: Scanning file cache for directory 'C:/Users/Zakkar/Documents/GitHub/IKA/Bomberman/Content/' took 0.06s
[2017.12.10-23.49.05:195][  0]LogCook: Display: Max memory allowance for cook 16384mb min free memory 0mb
[2017.12.10-23.49.05:196][  0]LogCook: Display: Mobile HDR setting 1
[2017.12.10-23.49.05:207][  0]LogGameplayTags: Display: UGameplayTagsManager::DoneAddingNativeTags. DelegateIsBound: 0
[2017.12.10-23.49.09:100][  0]SourceControl: Source control is disabled
[2017.12.10-23.49.09:133][  0]Cmd: MAP LOAD FILE="../../../../../../Users/Zakkar/Documents/GitHub/IKA/Bomberman/Content/Maps/Gym.umap" TEMPLATE=0 SHOWPROGRESS=1 FEATURELEVEL=3
[2017.12.10-23.49.09:144][  0]LightingResults: New page: Lighting Build
[2017.12.10-23.49.09:430][  0]MapCheck: New page: Map Check
[2017.12.10-23.49.09:430][  0]LightingResults: New page: Lighting Build
[2017.12.10-23.49.10:936][  0]LogAIModule: Creating AISystem for world Gym
[2017.12.10-23.49.11:635][  0]LogEditorServer: Finished looking for orphan Actors (0.000 secs)
[2017.12.10-23.49.11:752][  0]Cmd: MAP CHECKDEP NOCLEARLOG
[2017.12.10-23.49.11:869][  0]MapCheck: Map check complete: 0 Error(s), 0 Warning(s), took 116.485ms to complete.
[2017.12.10-23.49.11:884][  0]LogFileHelpers: Loading map 'Gym' took 2.763
[2017.12.10-23.49.13:610][  0]LogCollectionManager: Loaded 0 collections in 0.003734 seconds
[2017.12.10-23.49.13:863][  0]LogFileCache: Scanning file cache for directory 'C:/Users/Zakkar/Documents/GitHub/IKA/Bomberman/Saved/Collections/' took 0.01s
[2017.12.10-23.49.13:863][  0]LogFileCache: Scanning file cache for directory 'C:/Users/Zakkar/Documents/GitHub/IKA/Bomberman/Content/Developers/Zakkar/Collections/' took 0.01s
[2017.12.10-23.49.13:863][  0]LogFileCache: Scanning file cache for directory 'C:/Users/Zakkar/Documents/GitHub/IKA/Bomberman/Content/Collections/' took 0.01s
[2017.12.10-23.49.13:863][  0]LogCollectionManager: Rebuilt the GUID cache for 0 collections in 0.000000 seconds
[2017.12.10-23.49.13:905][  0]LogContentBrowser: Native class hierarchy populated in 0.0363 seconds. Added 2370 classes and 522 folders.
[2017.12.10-23.49.14:175][  0]LogContentBrowser: Native class hierarchy updated for 'WidgetCarousel' in 0.0022 seconds. Added 0 classes and 0 folders.
[2017.12.10-23.49.15:923][  0]LogContentBrowser: Native class hierarchy updated for 'AddContentDialog' in 0.0016 seconds. Added 0 classes and 0 folders.
[2017.12.10-23.49.16:080][  0]LogContentBrowser: Native class hierarchy updated for 'SceneOutliner' in 0.0016 seconds. Added 1 classes and 2 folders.
[2017.12.10-23.49.17:216][  0]LogSlate: Took 0.040299 seconds to synchronously load lazily loaded font '../../../Engine/Content/Slate/Fonts/Roboto-Regular.ttf' (155K)
[2017.12.10-23.49.17:236][  0]LogSlate: Took 0.007836 seconds to synchronously load lazily loaded font '../../../Engine/Content/Slate/Fonts/Roboto-Bold.ttf' (160K)
[2017.12.10-23.49.17:321][  0]LogSlate: Took 0.021053 seconds to synchronously load lazily loaded font '../../../Engine/Content/Editor/Slate/Fonts/FontAwesome.ttf' (139K)
[2017.12.10-23.49.18:228][  0]LogRenderer: Reallocating scene render targets to support 1208x576 Format 10 NumSamples 1 (Frame:1).
[2017.12.10-23.49.19:062][  0]LogSlate: Took 0.018943 seconds to synchronously load lazily loaded font '../../../Engine/Content/Slate/Fonts/Roboto-Light.ttf' (159K)
[2017.12.10-23.49.19:747][  0]LogContentBrowser: Native class hierarchy updated for 'HierarchicalLODOutliner' in 0.0015 seconds. Added 1 classes and 2 folders.
[2017.12.10-23.49.19:747][  0]LogLoad: (Engine Initialization) Total time: 121.94 seconds
[2017.12.10-23.49.19:747][  0]LogLoad: (Engine Initialization) Total Blueprint compile time: 0.00 seconds
[2017.12.10-23.49.19:754][  0]LogExternalProfiler: Found external profiler: VSPerf
[2017.12.10-23.49.19:754][  0]LogExternalProfiler: Using external profiler: VSPerf
[2017.12.10-23.49.20:200][  0]LogContentStreaming: Texture pool size now 1000 MB
[2017.12.10-23.49.21:123][  4]LogSlate: Took 0.000503 seconds to synchronously load lazily loaded font '../../../Engine/Content/Slate/Fonts/Roboto-Light.ttf' (159K)
[2017.12.10-23.49.21:179][  5]LogAssetRegistry: Asset discovery search completed in 72.7446 seconds
[2017.12.10-23.49.21:221][  5]LogCollectionManager: Rebuilt the object cache for 0 collections in 0.000000 seconds (found 0 objects)
[2017.12.10-23.49.21:222][  5]LogCollectionManager: Fixed up redirectors for 0 collections in 0.008780 seconds (updated 0 objects)
[2017.12.11-00.03.32:299][386]LogTemp: Repeating last play command: Selected Viewport
[2017.12.11-00.03.32:574][386]LogBlueprintUserMessages: Early PlayInEditor Detection: Level '/Game/Maps/Gym.Gym:PersistentLevel' has LevelScriptBlueprint '/Game/Maps/Gym.Gym:PersistentLevel.Gym' with GeneratedClass '/Game/Maps/Gym.Gym_C' with ClassGeneratedBy '/Game/Maps/Gym.Gym:PersistentLevel.Gym'
[2017.12.11-00.03.32:591][386]LogPlayLevel: PlayLevel: No blueprints needed recompiling
[2017.12.11-00.03.32:698][386]PIE: New page: PIE session: Gym (Dec 10, 2017, 2:03:32 PM)
[2017.12.11-00.03.32:711][386]LogPlayLevel: Creating play world package: /Game/Maps/UEDPIE_0_Gym
[2017.12.11-00.03.32:783][386]LogPlayLevel: PIE: StaticDuplicateObject took: (0.072042s)
[2017.12.11-00.03.32:785][386]LogAIModule: Creating AISystem for world Gym
[2017.12.11-00.03.32:802][386]LogPlayLevel: PIE: World Init took: (0.018177s)
[2017.12.11-00.03.32:807][386]LogPlayLevel: PIE: Created PIE world by copying editor world from /Game/Maps/Gym.Gym to /Game/Maps/UEDPIE_0_Gym.Gym (0.095567s)
[2017.12.11-00.03.39:860][386]LogInit: XAudio2 using 'BenQ GL2460-4 (NVIDIA High Definition Audio)' : 2 channels at 48 kHz using 16 bits per sample (channel mask 0x3)
[2017.12.11-00.03.39:875][386]LogInit: FAudioDevice initialized.
[2017.12.11-00.03.40:067][386]LogLoad: Game class is 'CustomGameMode_C'
[2017.12.11-00.03.40:216][386]LogWorld: Bringing World /Game/Maps/UEDPIE_0_Gym.Gym up for play (max tick rate 3) at 2017.12.10-19.03.40
[2017.12.11-00.03.40:302][386]LogWorld: Bringing up level for play took: 0.087460
[2017.12.11-00.03.40:587][386]LogContentBrowser: Native class hierarchy updated for 'MovieSceneCapture' in 0.0108 seconds. Added 11 classes and 0 folders.
[2017.12.11-00.03.44:844][386]PIE: Play in editor start time for /Game/Maps/UEDPIE_0_Gym 11.826
[2017.12.11-00.03.44:845][386]LogBlueprintUserMessages: Late PlayInEditor Detection: Level '/Game/Maps/Gym.Gym:PersistentLevel' has LevelScriptBlueprint '/Game/Maps/Gym.Gym:PersistentLevel.Gym' with GeneratedClass '/Game/Maps/Gym.Gym_C' with ClassGeneratedBy '/Game/Maps/Gym.Gym:PersistentLevel.Gym'
[2017.12.11-00.04.27:051][386]LogBlueprintUserMessages: Early EndPlayMap Detection: Level '/Game/Maps/Gym.Gym:PersistentLevel' has LevelScriptBlueprint '/Game/Maps/Gym.Gym:PersistentLevel.Gym' with GeneratedClass '/Game/Maps/Gym.Gym_C' with ClassGeneratedBy '/Game/Maps/Gym.Gym:PersistentLevel.Gym'
[2017.12.11-00.04.27:213][386]LogBlueprintUserMessages: Late EndPlayMap Detection: Level '/Game/Maps/Gym.Gym:PersistentLevel' has LevelScriptBlueprint '/Game/Maps/Gym.Gym:PersistentLevel.Gym' with GeneratedClass '/Game/Maps/Gym.Gym_C' with ClassGeneratedBy '/Game/Maps/Gym.Gym:PersistentLevel.Gym'
[2017.12.11-00.04.46:554][741]LogTemp: Repeating last play command: Selected Viewport
[2017.12.11-00.04.46:591][741]LogBlueprintUserMessages: Early PlayInEditor Detection: Level '/Game/Maps/Gym.Gym:PersistentLevel' has LevelScriptBlueprint '/Game/Maps/Gym.Gym:PersistentLevel.Gym' with GeneratedClass '/Game/Maps/Gym.Gym_C' with ClassGeneratedBy '/Game/Maps/Gym.Gym:PersistentLevel.Gym'
[2017.12.11-00.04.46:592][741]LogPlayLevel: PlayLevel: No blueprints needed recompiling
[2017.12.11-00.04.46:592][741]PIE: New page: PIE session: Gym (Dec 10, 2017, 2:04:46 PM)
[2017.12.11-00.04.46:593][741]LogPlayLevel: Creating play world package: /Game/Maps/UEDPIE_0_Gym
[2017.12.11-00.04.46:606][741]LogPlayLevel: PIE: StaticDuplicateObject took: (0.012654s)
[2017.12.11-00.04.46:607][741]LogAIModule: Creating AISystem for world Gym
[2017.12.11-00.04.46:608][741]LogPlayLevel: PIE: World Init took: (0.002466s)
[2017.12.11-00.04.46:609][741]LogPlayLevel: PIE: Created PIE world by copying editor world from /Game/Maps/Gym.Gym to /Game/Maps/UEDPIE_0_Gym.Gym (0.016733s)
[2017.12.11-00.04.49:716][741]LogInit: XAudio2 using 'BenQ GL2460-4 (NVIDIA High Definition Audio)' : 2 channels at 48 kHz using 16 bits per sample (channel mask 0x3)
[2017.12.11-00.04.49:729][741]LogInit: FAudioDevice initialized.
[2017.12.11-00.04.49:787][741]LogLoad: Game class is 'CustomGameMode_C'
[2017.12.11-00.04.49:789][741]LogWorld: Bringing World /Game/Maps/UEDPIE_0_Gym.Gym up for play (max tick rate 3) at 2017.12.10-19.04.49
[2017.12.11-00.04.49:790][741]LogWorld: Bringing up level for play took: 0.002272
[2017.12.11-00.05.30:394][741]PIE: Play in editor start time for /Game/Maps/UEDPIE_0_Gym 43.376
[2017.12.11-00.05.30:395][741]LogBlueprintUserMessages: Late PlayInEditor Detection: Level '/Game/Maps/Gym.Gym:PersistentLevel' has LevelScriptBlueprint '/Game/Maps/Gym.Gym:PersistentLevel.Gym' with GeneratedClass '/Game/Maps/Gym.Gym_C' with ClassGeneratedBy '/Game/Maps/Gym.Gym:PersistentLevel.Gym'
[2017.12.11-00.09.28:562][261]LogSlate: Only BGRA pngs, bmps or icos are supported in by External Image Picker
[2017.12.11-00.09.29:234][262]LogTemp: Executing iPhonePackager certificates Engine -bundlename com.YourCompany.Bomberman
[2017.12.11-00.09.29:234][262]LogTemp: CWD: C:\Program Files\Epic Games\UE_4.18\Engine\Binaries\DotNET\IOS
[2017.12.11-00.09.29:234][262]LogTemp: Initial Dir: C:\Program Files\Epic Games\UE_4.18
[2017.12.11-00.09.29:234][262]LogTemp: Env CWD: C:\Program Files\Epic Games\UE_4.18\Engine\Binaries\DotNET\IOS
[2017.12.11-00.09.29:235][262]LogTemp: BranchPath = DESKTOP-PNP9N2U/C/Program Files/Epic Games/UE_4.18/Engine/Binaries --- GameBranchPath = DESKTOP-PNP9N2U/C/Program Files/Epic Games/UE_4.18/Engine/Binaries
[2017.12.11-00.09.29:235][262]LogTemp: IPP ERROR: Could not find provision directory 'C:\Users\Zakkar\AppData\Local/Apple Computer/MobileDevice/Provisioning Profiles/'.
[2017.12.11-00.10.25:516][784]LogBlueprintUserMessages: Early EndPlayMap Detection: Level '/Game/Maps/Gym.Gym:PersistentLevel' has LevelScriptBlueprint '/Game/Maps/Gym.Gym:PersistentLevel.Gym' with GeneratedClass '/Game/Maps/Gym.Gym_C' with ClassGeneratedBy '/Game/Maps/Gym.Gym:PersistentLevel.Gym'
[2017.12.11-00.10.25:575][784]LogBlueprintUserMessages: Late EndPlayMap Detection: Level '/Game/Maps/Gym.Gym:PersistentLevel' has LevelScriptBlueprint '/Game/Maps/Gym.Gym:PersistentLevel.Gym' with GeneratedClass '/Game/Maps/Gym.Gym_C' with ClassGeneratedBy '/Game/Maps/Gym.Gym:PersistentLevel.Gym'
[2017.12.11-00.10.26:905][879]LogTemp: Repeating last play command: Selected Viewport
[2017.12.11-00.10.26:936][879]LogBlueprintUserMessages: Early PlayInEditor Detection: Level '/Game/Maps/Gym.Gym:PersistentLevel' has LevelScriptBlueprint '/Game/Maps/Gym.Gym:PersistentLevel.Gym' with GeneratedClass '/Game/Maps/Gym.Gym_C' with ClassGeneratedBy '/Game/Maps/Gym.Gym:PersistentLevel.Gym'
[2017.12.11-00.10.26:936][879]LogPlayLevel: PlayLevel: No blueprints needed recompiling
[2017.12.11-00.10.26:936][879]PIE: New page: PIE session: Gym (Dec 10, 2017, 2:10:26 PM)
[2017.12.11-00.10.26:937][879]LogPlayLevel: Creating play world package: /Game/Maps/UEDPIE_0_Gym
[2017.12.11-00.10.26:948][879]LogPlayLevel: PIE: StaticDuplicateObject took: (0.011019s)
[2017.12.11-00.10.26:950][879]LogAIModule: Creating AISystem for world Gym
[2017.12.11-00.10.26:951][879]LogPlayLevel: PIE: World Init took: (0.002174s)
[2017.12.11-00.10.26:952][879]LogPlayLevel: PIE: Created PIE world by copying editor world from /Game/Maps/Gym.Gym to /Game/Maps/UEDPIE_0_Gym.Gym (0.014889s)
[2017.12.11-00.10.26:990][879]LogInit: XAudio2 using 'BenQ GL2460-4 (NVIDIA High Definition Audio)' : 2 channels at 48 kHz using 16 bits per sample (channel mask 0x3)
[2017.12.11-00.10.27:018][879]LogInit: FAudioDevice initialized.
[2017.12.11-00.10.27:081][879]LogLoad: Game class is 'CustomGameMode_C'
[2017.12.11-00.10.27:083][879]LogWorld: Bringing World /Game/Maps/UEDPIE_0_Gym.Gym up for play (max tick rate 0) at 2017.12.10-19.10.27
[2017.12.11-00.10.27:084][879]LogWorld: Bringing up level for play took: 0.001976
[2017.12.11-00.10.35:698][879]PIE: Play in editor start time for /Game/Maps/UEDPIE_0_Gym 8.68
[2017.12.11-00.10.35:699][879]LogBlueprintUserMessages: Late PlayInEditor Detection: Level '/Game/Maps/Gym.Gym:PersistentLevel' has LevelScriptBlueprint '/Game/Maps/Gym.Gym:PersistentLevel.Gym' with GeneratedClass '/Game/Maps/Gym.Gym_C' with ClassGeneratedBy '/Game/Maps/Gym.Gym:PersistentLevel.Gym'
[2017.12.11-00.11.08:395][915]LogSlate: Took 0.014400 seconds to synchronously load lazily loaded font '../../../Engine/Content/Editor/Slate/Fonts/Roboto-Italic.ttf' (157K)
[2017.12.11-00.11.24:283][ 44]LogBlueprintUserMessages: Early EndPlayMap Detection: Level '/Game/Maps/Gym.Gym:PersistentLevel' has LevelScriptBlueprint '/Game/Maps/Gym.Gym:PersistentLevel.Gym' with GeneratedClass '/Game/Maps/Gym.Gym_C' with ClassGeneratedBy '/Game/Maps/Gym.Gym:PersistentLevel.Gym'
[2017.12.11-00.11.24:339][ 44]LogBlueprintUserMessages: Late EndPlayMap Detection: Level '/Game/Maps/Gym.Gym:PersistentLevel' has LevelScriptBlueprint '/Game/Maps/Gym.Gym:PersistentLevel.Gym' with GeneratedClass '/Game/Maps/Gym.Gym_C' with ClassGeneratedBy '/Game/Maps/Gym.Gym:PersistentLevel.Gym'
[2017.12.11-00.11.32:710][630]LogTemp: Repeating last play command: Selected Viewport
[2017.12.11-00.11.32:743][630]LogBlueprintUserMessages: Early PlayInEditor Detection: Level '/Game/Maps/Gym.Gym:PersistentLevel' has LevelScriptBlueprint '/Game/Maps/Gym.Gym:PersistentLevel.Gym' with GeneratedClass '/Game/Maps/Gym.Gym_C' with ClassGeneratedBy '/Game/Maps/Gym.Gym:PersistentLevel.Gym'
[2017.12.11-00.11.32:744][630]LogPlayLevel: PlayLevel: No blueprints needed recompiling
[2017.12.11-00.11.32:744][630]PIE: New page: PIE session: Gym (Dec 10, 2017, 2:11:32 PM)
[2017.12.11-00.11.32:745][630]LogPlayLevel: Creating play world package: /Game/Maps/UEDPIE_0_Gym
[2017.12.11-00.11.32:757][630]LogPlayLevel: PIE: StaticDuplicateObject took: (0.011660s)
[2017.12.11-00.11.32:759][630]LogAIModule: Creating AISystem for world Gym
[2017.12.11-00.11.32:761][630]LogPlayLevel: PIE: World Init took: (0.003870s)
[2017.12.11-00.11.32:762][630]LogPlayLevel: PIE: Created PIE world by copying editor world from /Game/Maps/Gym.Gym to /Game/Maps/UEDPIE_0_Gym.Gym (0.017200s)
[2017.12.11-00.11.32:801][630]LogInit: XAudio2 using 'BenQ GL2460-4 (NVIDIA High Definition Audio)' : 2 channels at 48 kHz using 16 bits per sample (channel mask 0x3)
[2017.12.11-00.11.32:816][630]LogInit: FAudioDevice initialized.
[2017.12.11-00.11.32:863][630]LogLoad: Game class is 'CustomGameMode_C'
[2017.12.11-00.11.32:865][630]LogWorld: Bringing World /Game/Maps/UEDPIE_0_Gym.Gym up for play (max tick rate 0) at 2017.12.10-19.11.32
[2017.12.11-00.11.32:866][630]LogWorld: Bringing up level for play took: 0.001439
[2017.12.11-00.11.36:598][630]PIE: Play in editor start time for /Game/Maps/UEDPIE_0_Gym 3.58
[2017.12.11-00.11.36:599][630]LogBlueprintUserMessages: Late PlayInEditor Detection: Level '/Game/Maps/Gym.Gym:PersistentLevel' has LevelScriptBlueprint '/Game/Maps/Gym.Gym:PersistentLevel.Gym' with GeneratedClass '/Game/Maps/Gym.Gym_C' with ClassGeneratedBy '/Game/Maps/Gym.Gym:PersistentLevel.Gym'
[2017.12.11-00.11.45:684][328]LogBlueprintUserMessages: Early EndPlayMap Detection: Level '/Game/Maps/Gym.Gym:PersistentLevel' has LevelScriptBlueprint '/Game/Maps/Gym.Gym:PersistentLevel.Gym' with GeneratedClass '/Game/Maps/Gym.Gym_C' with ClassGeneratedBy '/Game/Maps/Gym.Gym:PersistentLevel.Gym'
[2017.12.11-00.11.45:736][328]LogBlueprintUserMessages: Late EndPlayMap Detection: Level '/Game/Maps/Gym.Gym:PersistentLevel' has LevelScriptBlueprint '/Game/Maps/Gym.Gym:PersistentLevel.Gym' with GeneratedClass '/Game/Maps/Gym.Gym_C' with ClassGeneratedBy '/Game/Maps/Gym.Gym:PersistentLevel.Gym'
[2017.12.11-00.11.47:015][432]LogTemp: Repeating last play command: Selected Viewport
[2017.12.11-00.11.47:048][432]LogBlueprintUserMessages: Early PlayInEditor Detection: Level '/Game/Maps/Gym.Gym:PersistentLevel' has LevelScriptBlueprint '/Game/Maps/Gym.Gym:PersistentLevel.Gym' with GeneratedClass '/Game/Maps/Gym.Gym_C' with ClassGeneratedBy '/Game/Maps/Gym.Gym:PersistentLevel.Gym'
[2017.12.11-00.11.47:048][432]LogPlayLevel: PlayLevel: No blueprints needed recompiling
[2017.12.11-00.11.47:049][432]PIE: New page: PIE session: Gym (Dec 10, 2017, 2:11:47 PM)
[2017.12.11-00.11.47:049][432]LogPlayLevel: Creating play world package: /Game/Maps/UEDPIE_0_Gym
[2017.12.11-00.11.47:061][432]LogPlayLevel: PIE: StaticDuplicateObject took: (0.011105s)
[2017.12.11-00.11.47:062][432]LogAIModule: Creating AISystem for world Gym
[2017.12.11-00.11.47:063][432]LogPlayLevel: PIE: World Init took: (0.001893s)
[2017.12.11-00.11.47:063][432]LogPlayLevel: PIE: Created PIE world by copying editor world from /Game/Maps/Gym.Gym to /Game/Maps/UEDPIE_0_Gym.Gym (0.014176s)
[2017.12.11-00.11.47:099][432]LogInit: XAudio2 using 'BenQ GL2460-4 (NVIDIA High Definition Audio)' : 2 channels at 48 kHz using 16 bits per sample (channel mask 0x3)
[2017.12.11-00.11.47:119][432]LogInit: FAudioDevice initialized.
[2017.12.11-00.11.47:179][432]LogLoad: Game class is 'CustomGameMode_C'
[2017.12.11-00.11.47:182][432]LogWorld: Bringing World /Game/Maps/UEDPIE_0_Gym.Gym up for play (max tick rate 0) at 2017.12.10-19.11.47
[2017.12.11-00.11.47:183][432]LogWorld: Bringing up level for play took: 0.002499
[2017.12.11-00.11.47:195][432]PIE: Play in editor start time for /Game/Maps/UEDPIE_0_Gym 0.176
[2017.12.11-00.11.47:196][432]LogBlueprintUserMessages: Late PlayInEditor Detection: Level '/Game/Maps/Gym.Gym:PersistentLevel' has LevelScriptBlueprint '/Game/Maps/Gym.Gym:PersistentLevel.Gym' with GeneratedClass '/Game/Maps/Gym.Gym_C' with ClassGeneratedBy '/Game/Maps/Gym.Gym:PersistentLevel.Gym'
[2017.12.11-00.11.53:207][978]LogBlueprintUserMessages: Early EndPlayMap Detection: Level '/Game/Maps/Gym.Gym:PersistentLevel' has LevelScriptBlueprint '/Game/Maps/Gym.Gym:PersistentLevel.Gym' with GeneratedClass '/Game/Maps/Gym.Gym_C' with ClassGeneratedBy '/Game/Maps/Gym.Gym:PersistentLevel.Gym'
[2017.12.11-00.11.53:264][978]LogBlueprintUserMessages: Late EndPlayMap Detection: Level '/Game/Maps/Gym.Gym:PersistentLevel' has LevelScriptBlueprint '/Game/Maps/Gym.Gym:PersistentLevel.Gym' with GeneratedClass '/Game/Maps/Gym.Gym_C' with ClassGeneratedBy '/Game/Maps/Gym.Gym:PersistentLevel.Gym'
[2017.12.11-00.11.55:220][151]LogTemp: Repeating last play command: Selected Viewport
[2017.12.11-00.11.55:252][151]LogBlueprintUserMessages: Early PlayInEditor Detection: Level '/Game/Maps/Gym.Gym:PersistentLevel' has LevelScriptBlueprint '/Game/Maps/Gym.Gym:PersistentLevel.Gym' with GeneratedClass '/Game/Maps/Gym.Gym_C' with ClassGeneratedBy '/Game/Maps/Gym.Gym:PersistentLevel.Gym'
[2017.12.11-00.11.55:253][151]LogPlayLevel: PlayLevel: No blueprints needed recompiling
[2017.12.11-00.11.55:253][151]PIE: New page: PIE session: Gym (Dec 10, 2017, 2:11:55 PM)
[2017.12.11-00.11.55:254][151]LogPlayLevel: Creating play world package: /Game/Maps/UEDPIE_0_Gym
[2017.12.11-00.11.55:265][151]LogPlayLevel: PIE: StaticDuplicateObject took: (0.010842s)
[2017.12.11-00.11.55:267][151]LogAIModule: Creating AISystem for world Gym
[2017.12.11-00.11.55:268][151]LogPlayLevel: PIE: World Init took: (0.002569s)
[2017.12.11-00.11.55:268][151]LogPlayLevel: PIE: Created PIE world by copying editor world from /Game/Maps/Gym.Gym to /Game/Maps/UEDPIE_0_Gym.Gym (0.014634s)
[2017.12.11-00.11.55:311][151]LogInit: XAudio2 using 'BenQ GL2460-4 (NVIDIA High Definition Audio)' : 2 channels at 48 kHz using 16 bits per sample (channel mask 0x3)
[2017.12.11-00.11.55:331][151]LogInit: FAudioDevice initialized.
[2017.12.11-00.11.55:374][151]LogLoad: Game class is 'CustomGameMode_C'
[2017.12.11-00.11.55:377][151]LogWorld: Bringing World /Game/Maps/UEDPIE_0_Gym.Gym up for play (max tick rate 0) at 2017.12.10-19.11.55
[2017.12.11-00.11.55:378][151]LogWorld: Bringing up level for play took: 0.001947
[2017.12.11-00.11.55:386][151]PIE: Play in editor start time for /Game/Maps/UEDPIE_0_Gym 0.367
[2017.12.11-00.11.55:386][151]LogBlueprintUserMessages: Late PlayInEditor Detection: Level '/Game/Maps/Gym.Gym:PersistentLevel' has LevelScriptBlueprint '/Game/Maps/Gym.Gym:PersistentLevel.Gym' with GeneratedClass '/Game/Maps/Gym.Gym_C' with ClassGeneratedBy '/Game/Maps/Gym.Gym:PersistentLevel.Gym'
[2017.12.11-00.12.38:262][804]LogBlueprintUserMessages: Early EndPlayMap Detection: Level '/Game/Maps/Gym.Gym:PersistentLevel' has LevelScriptBlueprint '/Game/Maps/Gym.Gym:PersistentLevel.Gym' with GeneratedClass '/Game/Maps/Gym.Gym_C' with ClassGeneratedBy '/Game/Maps/Gym.Gym:PersistentLevel.Gym'
[2017.12.11-00.12.38:312][804]LogBlueprintUserMessages: Late EndPlayMap Detection: Level '/Game/Maps/Gym.Gym:PersistentLevel' has LevelScriptBlueprint '/Game/Maps/Gym.Gym:PersistentLevel.Gym' with GeneratedClass '/Game/Maps/Gym.Gym_C' with ClassGeneratedBy '/Game/Maps/Gym.Gym:PersistentLevel.Gym'
