Log file open, 12/10/17 19:21:04
LogWindows: Failed to load 'aqProf.dll' (GetLastError=126)
LogWindows: File 'aqProf.dll' does not exist
LogWindows: Failed to load 'VtuneApi.dll' (GetLastError=126)
LogWindows: File 'VtuneApi.dll' does not exist
LogWindows: Failed to load 'VtuneApi32e.dll' (GetLastError=126)
LogWindows: File 'VtuneApi32e.dll' does not exist
LogInit: Display: Running engine for game: Bomberman
LogPlatformFile: Not using cached read wrapper
LogInit: Display: RandInit(-3507852) SRandInit(-3507852).
LogInit: Read version file with build ID '3709383'
LogInit: Overriding engine version to CL 3754814, compatible CL 3709383
LogInit: Registered custom module enumerator with build ID '3709383'
LogTaskGraph: Started task graph with 5 named threads and 11 total threads with 3 sets of task threads.
LogStats: Stats thread started at 0.309984
LogD3D11RHI: Aftermath initialized
LogPluginManager: Mounting plugin Paper2D
LogPluginManager: Mounting plugin LightPropagationVolume
LogPluginManager: Mounting plugin CodeLiteSourceCodeAccess
LogPluginManager: Mounting plugin GitSourceControl
LogPluginManager: Mounting plugin KDevelopSourceCodeAccess
LogPluginManager: Mounting plugin NullSourceCodeAccess
LogPluginManager: Mounting plugin PerforceSourceControl
LogPluginManager: Mounting plugin SubversionSourceControl
LogPluginManager: Mounting plugin UObjectPlugin
LogPluginManager: Mounting plugin VisualStudioCodeSourceCodeAccess
LogPluginManager: Mounting plugin VisualStudioSourceCodeAccess
LogPluginManager: Mounting plugin XCodeSourceCodeAccess
LogPluginManager: Mounting plugin AssetManagerEditor
LogPluginManager: Mounting plugin AudioCapture
LogPluginManager: Mounting plugin FacialAnimation
LogPluginManager: Mounting plugin GameplayTagsEditor
LogPluginManager: Mounting plugin MobileLauncherProfileWizard
LogPluginManager: Mounting plugin PluginBrowser
LogPluginManager: Mounting plugin SpeedTreeImporter
LogPluginManager: Mounting plugin AlembicImporter
LogPluginManager: Mounting plugin CharacterAI
LogPluginManager: Mounting plugin HTML5Networking
LogPluginManager: Mounting plugin AndroidMedia
LogPluginManager: Mounting plugin AvfMedia
LogPluginManager: Mounting plugin ImgMedia
LogPluginManager: Mounting plugin MediaCompositing
LogPluginManager: Mounting plugin MediaPlayerEditor
LogPluginManager: Mounting plugin WmfMedia
LogPluginManager: Mounting plugin TcpMessaging
LogPluginManager: Mounting plugin UdpMessaging
LogPluginManager: Mounting plugin ActorSequence
LogPluginManager: Mounting plugin LevelSequenceEditor
LogPluginManager: Mounting plugin MatineeToLevelSequence
LogPluginManager: Mounting plugin OnlineSubsystemGooglePlay
LogPluginManager: Mounting plugin OnlineSubsystemIOS
LogPluginManager: Mounting plugin OnlineSubsystem
LogPluginManager: Mounting plugin OnlineSubsystemNull
LogPluginManager: Mounting plugin OnlineSubsystemUtils
LogPluginManager: Mounting plugin AndroidDeviceProfileSelector
LogPluginManager: Mounting plugin AndroidMoviePlayer
LogPluginManager: Mounting plugin AndroidPermission
LogPluginManager: Mounting plugin AppleARKit
LogPluginManager: Mounting plugin AppleMoviePlayer
LogPluginManager: Mounting plugin ArchVisCharacter
LogPluginManager: Mounting plugin CableComponent
LogPluginManager: Mounting plugin CustomMeshComponent
LogPluginManager: Mounting plugin ExampleDeviceProfileSelector
LogPluginManager: Mounting plugin GoogleCloudMessaging
LogPluginManager: Mounting plugin ImmediatePhysics
LogPluginManager: Mounting plugin IOSDeviceProfileSelector
LogPluginManager: Mounting plugin LinuxDeviceProfileSelector
LogPluginManager: Mounting plugin LocationServicesBPLibrary
LogPluginManager: Mounting plugin MobilePatchingUtils
LogPluginManager: Mounting plugin OculusVR
LogPluginManager: Plugin shader directory ../../../Engine/Plugins/Runtime/Oculus/OculusVR/Shaders found
LogPluginManager: Mapping shader source directory ../../../Engine/Plugins/Runtime/Oculus/OculusVR/Shaders to virtual directory /Plugin/OculusVR
LogPluginManager: Mounting plugin PhysXVehicles
LogPluginManager: Mounting plugin ProceduralMeshComponent
LogPluginManager: Mounting plugin RuntimePhysXCooking
LogPluginManager: Mounting plugin SteamVR
LogPluginManager: Mounting plugin WindowsMoviePlayer
LogModuleManager: Display: Found up-to-date module file ../../../../../../Users/Zakkar/Documents/GitHub/IKA/Bomberman/Binaries/Win64/UE4Editor-Bomberman.dll (API version 3709383).
LogModuleManager: Display: Found up-to-date module file ../../../Engine/Plugins/2D/Paper2D/Binaries/Win64/UE4Editor-Paper2D.dll (API version 3709383).
LogModuleManager: Display: Found up-to-date module file ../../../Engine/Plugins/2D/Paper2D/Binaries/Win64/UE4Editor-Paper2DEditor.dll (API version 3709383).
LogModuleManager: Display: Found up-to-date module file ../../../Engine/Plugins/2D/Paper2D/Binaries/Win64/UE4Editor-PaperSpriteSheetImporter.dll (API version 3709383).
LogModuleManager: Display: Found up-to-date module file ../../../Engine/Plugins/2D/Paper2D/Binaries/Win64/UE4Editor-PaperTiledImporter.dll (API version 3709383).
LogModuleManager: Display: Found up-to-date module file ../../../Engine/Plugins/2D/Paper2D/Binaries/Win64/UE4Editor-SmartSnapping.dll (API version 3709383).
LogModuleManager: Display: Found up-to-date module file ../../../Engine/Plugins/Blendables/LightPropagationVolume/Binaries/Win64/UE4Editor-LightPropagationVolumeRuntime.dll (API version 3709383).
LogModuleManager: Display: Found up-to-date module file ../../../Engine/Plugins/Blendables/LightPropagationVolume/Binaries/Win64/UE4Editor-LightPropagationVolumeEditor.dll (API version 3709383).
LogModuleManager: Display: Found up-to-date module file ../../../Engine/Plugins/Developer/GitSourceControl/Binaries/Win64/UE4Editor-GitSourceControl.dll (API version 3709383).
LogModuleManager: Display: Found up-to-date module file ../../../Engine/Plugins/Developer/PerforceSourceControl/Binaries/Win64/UE4Editor-PerforceSourceControl.dll (API version 3709383).
LogModuleManager: Display: Found up-to-date module file ../../../Engine/Plugins/Developer/SubversionSourceControl/Binaries/Win64/UE4Editor-SubversionSourceControl.dll (API version 3709383).
LogModuleManager: Display: Found up-to-date module file ../../../Engine/Plugins/Developer/UObjectPlugin/Binaries/Win64/UE4Editor-UObjectPlugin.dll (API version 3709383).
LogModuleManager: Display: Found up-to-date module file ../../../Engine/Plugins/Developer/VisualStudioCodeSourceCodeAccess/Binaries/Win64/UE4Editor-VisualStudioCodeSourceCodeAccess.dll (API version 3709383).
LogModuleManager: Display: Found up-to-date module file ../../../Engine/Plugins/Developer/VisualStudioSourceCodeAccess/Binaries/Win64/UE4Editor-VisualStudioSourceCodeAccess.dll (API version 3709383).
LogModuleManager: Display: Found up-to-date module file ../../../Engine/Plugins/Editor/AssetManagerEditor/Binaries/Win64/UE4Editor-AssetManagerEditor.dll (API version 3709383).
LogModuleManager: Display: Found up-to-date module file ../../../Engine/Plugins/Editor/AudioCapture/Binaries/Win64/UE4Editor-AudioCapture.dll (API version 3709383).
LogModuleManager: Display: Found up-to-date module file ../../../Engine/Plugins/Editor/FacialAnimation/Binaries/Win64/UE4Editor-FacialAnimation.dll (API version 3709383).
LogModuleManager: Display: Found up-to-date module file ../../../Engine/Plugins/Editor/FacialAnimation/Binaries/Win64/UE4Editor-FacialAnimationEditor.dll (API version 3709383).
LogModuleManager: Display: Found up-to-date module file ../../../Engine/Plugins/Editor/GameplayTagsEditor/Binaries/Win64/UE4Editor-GameplayTagsEditor.dll (API version 3709383).
LogModuleManager: Display: Found up-to-date module file ../../../Engine/Plugins/Editor/MobileLauncherProfileWizard/Binaries/Win64/UE4Editor-MobileLauncherProfileWizard.dll (API version 3709383).
LogModuleManager: Display: Found up-to-date module file ../../../Engine/Plugins/Editor/PluginBrowser/Binaries/Win64/UE4Editor-PluginBrowser.dll (API version 3709383).
LogModuleManager: Display: Found up-to-date module file ../../../Engine/Plugins/Editor/SpeedTreeImporter/Binaries/Win64/UE4Editor-SpeedTreeImporter.dll (API version 3709383).
LogModuleManager: Display: Found up-to-date module file ../../../Engine/Plugins/Experimental/AlembicImporter/Binaries/Win64/UE4Editor-AlembicImporter.dll (API version 3709383).
LogModuleManager: Display: Found up-to-date module file ../../../Engine/Plugins/Experimental/AlembicImporter/Binaries/Win64/UE4Editor-AlembicLibrary.dll (API version 3709383).
LogModuleManager: Display: Found up-to-date module file ../../../Engine/Plugins/Experimental/CharacterAI/Binaries/Win64/UE4Editor-CharacterAI.dll (API version 3709383).
LogModuleManager: Display: Found up-to-date module file ../../../Engine/Plugins/Experimental/HTML5Networking/Binaries/Win64/UE4Editor-HTML5Networking.dll (API version 3709383).
LogModuleManager: Display: Found up-to-date module file ../../../Engine/Plugins/Media/AndroidMedia/Binaries/Win64/UE4Editor-AndroidMediaEditor.dll (API version 3709383).
LogModuleManager: Display: Found up-to-date module file ../../../Engine/Plugins/Media/AndroidMedia/Binaries/Win64/UE4Editor-AndroidMediaFactory.dll (API version 3709383).
LogModuleManager: Display: Found up-to-date module file ../../../Engine/Plugins/Media/AvfMedia/Binaries/Win64/UE4Editor-AvfMediaEditor.dll (API version 3709383).
LogModuleManager: Display: Found up-to-date module file ../../../Engine/Plugins/Media/AvfMedia/Binaries/Win64/UE4Editor-AvfMediaFactory.dll (API version 3709383).
LogModuleManager: Display: Found up-to-date module file ../../../Engine/Plugins/Media/AvfMedia/Binaries/Win64/UE4Editor-AvfMediaFactory.dll (API version 3709383).
LogModuleManager: Display: Found up-to-date module file ../../../Engine/Plugins/Media/ImgMedia/Binaries/Win64/UE4Editor-ImgMedia.dll (API version 3709383).
LogModuleManager: Display: Found up-to-date module file ../../../Engine/Plugins/Media/ImgMedia/Binaries/Win64/UE4Editor-ImgMediaEditor.dll (API version 3709383).
LogModuleManager: Display: Found up-to-date module file ../../../Engine/Plugins/Media/ImgMedia/Binaries/Win64/UE4Editor-ImgMediaFactory.dll (API version 3709383).
LogModuleManager: Display: Found up-to-date module file ../../../Engine/Plugins/Media/ImgMedia/Binaries/Win64/UE4Editor-ImgMediaFactory.dll (API version 3709383).
LogModuleManager: Display: Found up-to-date module file ../../../Engine/Plugins/Media/ImgMedia/Binaries/Win64/UE4Editor-OpenExrWrapper.dll (API version 3709383).
LogModuleManager: Display: Found up-to-date module file ../../../Engine/Plugins/Media/MediaCompositing/Binaries/Win64/UE4Editor-MediaCompositing.dll (API version 3709383).
LogModuleManager: Display: Found up-to-date module file ../../../Engine/Plugins/Media/MediaCompositing/Binaries/Win64/UE4Editor-MediaCompositingEditor.dll (API version 3709383).
LogModuleManager: Display: Found up-to-date module file ../../../Engine/Plugins/Media/MediaPlayerEditor/Binaries/Win64/UE4Editor-MediaPlayerEditor.dll (API version 3709383).
LogModuleManager: Display: Found up-to-date module file ../../../Engine/Plugins/Media/WmfMedia/Binaries/Win64/UE4Editor-WmfMedia.dll (API version 3709383).
LogModuleManager: Display: Found up-to-date module file ../../../Engine/Plugins/Media/WmfMedia/Binaries/Win64/UE4Editor-WmfMediaEditor.dll (API version 3709383).
LogModuleManager: Display: Found up-to-date module file ../../../Engine/Plugins/Media/WmfMedia/Binaries/Win64/UE4Editor-WmfMediaFactory.dll (API version 3709383).
LogModuleManager: Display: Found up-to-date module file ../../../Engine/Plugins/Media/WmfMedia/Binaries/Win64/UE4Editor-WmfMediaFactory.dll (API version 3709383).
LogModuleManager: Display: Found up-to-date module file ../../../Engine/Plugins/Messaging/TcpMessaging/Binaries/Win64/UE4Editor-TcpMessaging.dll (API version 3709383).
LogModuleManager: Display: Found up-to-date module file ../../../Engine/Plugins/Messaging/UdpMessaging/Binaries/Win64/UE4Editor-UdpMessaging.dll (API version 3709383).
LogModuleManager: Display: Found up-to-date module file ../../../Engine/Plugins/MovieScene/ActorSequence/Binaries/Win64/UE4Editor-ActorSequence.dll (API version 3709383).
LogModuleManager: Display: Found up-to-date module file ../../../Engine/Plugins/MovieScene/LevelSequenceEditor/Binaries/Win64/UE4Editor-LevelSequenceEditor.dll (API version 3709383).
LogModuleManager: Display: Found up-to-date module file ../../../Engine/Plugins/MovieScene/MatineeToLevelSequence/Binaries/Win64/UE4Editor-MatineeToLevelSequence.dll (API version 3709383).
LogModuleManager: Display: Found up-to-date module file ../../../Engine/Plugins/Online/OnlineSubsystem/Binaries/Win64/UE4Editor-OnlineSubsystem.dll (API version 3709383).
LogModuleManager: Display: Found up-to-date module file ../../../Engine/Plugins/Online/OnlineSubsystemNull/Binaries/Win64/UE4Editor-OnlineSubsystemNull.dll (API version 3709383).
LogModuleManager: Display: Found up-to-date module file ../../../Engine/Plugins/Online/OnlineSubsystemUtils/Binaries/Win64/UE4Editor-OnlineSubsystemUtils.dll (API version 3709383).
LogModuleManager: Display: Found up-to-date module file ../../../Engine/Plugins/Online/OnlineSubsystemUtils/Binaries/Win64/UE4Editor-OnlineBlueprintSupport.dll (API version 3709383).
LogModuleManager: Display: Found up-to-date module file ../../../Engine/Plugins/Runtime/AndroidDeviceProfileSelector/Binaries/Win64/UE4Editor-AndroidDeviceProfileSelector.dll (API version 3709383).
LogModuleManager: Display: Found up-to-date module file ../../../Engine/Plugins/Runtime/AndroidPermission/Binaries/Win64/UE4Editor-AndroidPermission.dll (API version 3709383).
LogModuleManager: Display: Found up-to-date module file ../../../Engine/Plugins/Runtime/AppleARKit/Binaries/Win64/UE4Editor-AppleARKit.dll (API version 3709383).
LogModuleManager: Display: Found up-to-date module file ../../../Engine/Plugins/Runtime/ArchVisCharacter/Binaries/Win64/UE4Editor-ArchVisCharacter.dll (API version 3709383).
LogModuleManager: Display: Found up-to-date module file ../../../Engine/Plugins/Runtime/CableComponent/Binaries/Win64/UE4Editor-CableComponent.dll (API version 3709383).
LogModuleManager: Display: Found up-to-date module file ../../../Engine/Plugins/Runtime/CustomMeshComponent/Binaries/Win64/UE4Editor-CustomMeshComponent.dll (API version 3709383).
LogModuleManager: Display: Found up-to-date module file ../../../Engine/Plugins/Runtime/ExampleDeviceProfileSelector/Binaries/Win64/UE4Editor-ExampleDeviceProfileSelector.dll (API version 3709383).
LogModuleManager: Display: Found up-to-date module file ../../../Engine/Plugins/Runtime/ImmediatePhysics/Binaries/Win64/UE4Editor-ImmediatePhysics.dll (API version 3709383).
LogModuleManager: Display: Found up-to-date module file ../../../Engine/Plugins/Runtime/ImmediatePhysics/Binaries/Win64/UE4Editor-ImmediatePhysicsEditor.dll (API version 3709383).
LogModuleManager: Display: Found up-to-date module file ../../../Engine/Plugins/Runtime/LocationServicesBPLibrary/Binaries/Win64/UE4Editor-LocationServicesBPLibrary.dll (API version 3709383).
LogModuleManager: Display: Found up-to-date module file ../../../Engine/Plugins/Runtime/MobilePatchingUtils/Binaries/Win64/UE4Editor-MobilePatchingUtils.dll (API version 3709383).
LogModuleManager: Display: Found up-to-date module file ../../../Engine/Plugins/Runtime/Oculus/OculusVR/Binaries/Win64/UE4Editor-OculusHMD.dll (API version 3709383).
LogModuleManager: Display: Found up-to-date module file ../../../Engine/Plugins/Runtime/Oculus/OculusVR/Binaries/Win64/UE4Editor-OculusInput.dll (API version 3709383).
LogModuleManager: Display: Found up-to-date module file ../../../Engine/Plugins/Runtime/Oculus/OculusVR/Binaries/Win64/UE4Editor-OculusEditor.dll (API version 3709383).
LogModuleManager: Display: Found up-to-date module file ../../../Engine/Plugins/Runtime/PhysXVehicles/Binaries/Win64/UE4Editor-PhysXVehicles.dll (API version 3709383).
LogModuleManager: Display: Found up-to-date module file ../../../Engine/Plugins/Runtime/PhysXVehicles/Binaries/Win64/UE4Editor-PhysXVehiclesEditor.dll (API version 3709383).
LogModuleManager: Display: Found up-to-date module file ../../../Engine/Plugins/Runtime/ProceduralMeshComponent/Binaries/Win64/UE4Editor-ProceduralMeshComponent.dll (API version 3709383).
LogModuleManager: Display: Found up-to-date module file ../../../Engine/Plugins/Runtime/ProceduralMeshComponent/Binaries/Win64/UE4Editor-ProceduralMeshComponentEditor.dll (API version 3709383).
LogModuleManager: Display: Found up-to-date module file ../../../Engine/Plugins/Runtime/RuntimePhysXCooking/Binaries/Win64/UE4Editor-RuntimePhysXCooking.dll (API version 3709383).
LogModuleManager: Display: Found up-to-date module file ../../../Engine/Plugins/Runtime/Steam/SteamVR/Binaries/Win64/UE4Editor-SteamVR.dll (API version 3709383).
LogModuleManager: Display: Found up-to-date module file ../../../Engine/Plugins/Runtime/Steam/SteamVR/Binaries/Win64/UE4Editor-SteamVRController.dll (API version 3709383).
LogModuleManager: Display: Found up-to-date module file ../../../Engine/Plugins/Runtime/WindowsMoviePlayer/Binaries/Win64/UE4Editor-WindowsMoviePlayer.dll (API version 3709383).
LogInit: Using libcurl 7.47.1
LogInit:  - built for x86_64-pc-win32
LogInit:  - supports SSL with OpenSSL/1.0.2g
LogInit:  - supports HTTP deflate (compression) using libz 1.2.8
LogInit:  - other features:
LogInit:      CURL_VERSION_SSL
LogInit:      CURL_VERSION_LIBZ
LogInit:      CURL_VERSION_IPV6
LogInit:      CURL_VERSION_ASYNCHDNS
LogInit:      CURL_VERSION_LARGEFILE
LogInit:      CURL_VERSION_IDN
LogInit:  CurlRequestOptions (configurable via config and command line):
LogInit:  - bVerifyPeer = false  - Libcurl will NOT verify peer certificate
LogInit:  - bUseHttpProxy = false  - Libcurl will NOT use HTTP proxy
LogInit:  - bDontReuseConnections = false  - Libcurl will reuse connections
LogInit:  - CertBundlePath = nullptr  - Libcurl will use whatever was configured at build time.
LogInit: Build: ++UE4+Release-4.18-CL-3754814
LogInit: Engine Version: 4.18.1-3754814+++UE4+Release-4.18
LogInit: Compatible Engine Version: 4.18.0-3709383+++UE4+Release-4.18
LogInit: Net CL: 3709383
LogDevObjectVersion: Number of dev versions registered: 16
LogDevObjectVersion:   Dev-Blueprints (B0D832E4-1F89-4F0D-ACCF-7EB736FD4AA2): 10
LogDevObjectVersion:   Dev-Build (E1C64328-A22C-4D53-A36C-8E866417BD8C): 0
LogDevObjectVersion:   Dev-Core (375EC13C-06E4-48FB-B500-84F0262A717E): 2
LogDevObjectVersion:   Dev-Editor (E4B068ED-F494-42E9-A231-DA0B2E46BB41): 20
LogDevObjectVersion:   Dev-Framework (CFFC743F-43B0-4480-9391-14DF171D2073): 30
LogDevObjectVersion:   Dev-Mobile (B02B49B5-BB20-44E9-A304-32B752E40360): 0
LogDevObjectVersion:   Dev-Networking (A4E4105C-59A1-49B5-A7C5-40C4547EDFEE): 0
LogDevObjectVersion:   Dev-Online (39C831C9-5AE6-47DC-9A44-9C173E1C8E7C): 0
LogDevObjectVersion:   Dev-Physics (78F01B33-EBEA-4F98-B9B4-84EACCB95AA2): 0
LogDevObjectVersion:   Dev-Platform (6631380F-2D4D-43E0-8009-CF276956A95A): 0
LogDevObjectVersion:   Dev-Rendering (12F88B9F-8875-4AFC-A67C-D90C383ABD29): 20
LogDevObjectVersion:   Dev-Sequencer (7B5AE74C-D270-4C10-A958-57980B212A5A): 4
LogDevObjectVersion:   Dev-VR (D7296918-1DD6-4BDD-9DE2-64A83CC13884): 0
LogDevObjectVersion:   Dev-LoadTimes (C2A15278-BFE7-4AFE-6C17-90FF531DF755): 1
LogDevObjectVersion:   Private-Geometry (6EACA3D4-40EC-4CC1-B786-8BED09428FC5): 1
LogDevObjectVersion:   Dev-AnimPhys (29E575DD-E0A3-4627-9D10-D276232CDCEA): 12
LogInit: Compiled (64-bit): Nov 14 2017 02:05:55
LogInit: Compiled with Visual C++: 19.00.24215.01
LogInit: Build Configuration: Development
LogInit: Branch Name: ++UE4+Release-4.18
LogInit: Command line:  -skipcompile
LogInit: Base directory: C:/Program Files/Epic Games/UE_4.18/Engine/Binaries/Win64/
LogInit: Installed Engine Build: 1
LogInit: Presizing for max 8388607 objects, including 0 objects not considered by GC, pre-allocating 0 bytes for permanent pool.
LogInit: Object subsystem initialized
[2017.12.11-00.21.10:464][  0]LogInit: Selected Device Profile: [Windows]
[2017.12.11-00.21.10:464][  0]LogInit: Applying CVar settings loaded from the selected device profile: [Windows]
[2017.12.11-00.21.10:523][  0]LogInit: Computer: DESKTOP-PNP9N2U
[2017.12.11-00.21.10:523][  0]LogInit: User: Zakkar
[2017.12.11-00.21.10:523][  0]LogInit: CPU Page size=4096, Cores=3
[2017.12.11-00.21.10:523][  0]LogInit: High frequency timer resolution =3.433872 MHz
[2017.12.11-00.21.10:524][  0]LogMemory: Memory total: Physical=8.0GB (8GB approx)
[2017.12.11-00.21.10:524][  0]LogMemory: Platform Memory Stats for Windows
[2017.12.11-00.21.10:524][  0]LogMemory: Process Physical Memory: 272.46 MB used, 272.46 MB peak
[2017.12.11-00.21.10:524][  0]LogMemory: Process Virtual Memory: 269.55 MB used, 269.55 MB peak
[2017.12.11-00.21.10:524][  0]LogMemory: Physical Memory: 6164.21 MB used,  1994.45 MB free, 8158.66 MB total
[2017.12.11-00.21.10:525][  0]LogMemory: Virtual Memory: 642.44 MB used,  1994.45 MB free, 134217728.00 MB total
[2017.12.11-00.21.11:263][  0]LogInit: Using OS detected language (en-US).
[2017.12.11-00.21.11:263][  0]LogInit: Using OS detected locale (fr-FR).
[2017.12.11-00.21.11:474][  0]LogTextLocalizationManager: No specific localization for 'en-US' exists, so the 'en' localization will be used.
[2017.12.11-00.21.11:475][  0]LogTextLocalizationManager: No localization for 'fr-FR' exists, so 'en-US' will be used for the locale.
[2017.12.11-00.21.12:342][  0]LogInit: Setting process to per monitor DPI aware
[2017.12.11-00.21.17:544][  0]LogD3D11RHI: D3D11 adapters:
[2017.12.11-00.21.17:803][  0]LogD3D11RHI:    0. 'NVIDIA GeForce GTX 960' (Feature Level 11_0)
[2017.12.11-00.21.17:803][  0]LogD3D11RHI:       2016/0/4079 MB DedicatedVideo/DedicatedSystem/SharedSystem, Outputs:1, VendorId:0x10de
[2017.12.11-00.21.17:854][  0]LogD3D11RHI:    1. 'Microsoft Basic Render Driver' (Feature Level 11_0)
[2017.12.11-00.21.17:854][  0]LogD3D11RHI:       0/0/4079 MB DedicatedVideo/DedicatedSystem/SharedSystem, Outputs:0, VendorId:0x1414
[2017.12.11-00.21.17:854][  0]LogD3D11RHI: Chosen D3D11 Adapter: 0
[2017.12.11-00.21.17:869][  0]LogD3D11RHI: Creating new Direct3DDevice
[2017.12.11-00.21.17:869][  0]LogD3D11RHI:     GPU DeviceId: 0x1401 (for the marketing name, search the web for "GPU Device Id")
[2017.12.11-00.21.17:869][  0]LogWindows: EnumDisplayDevices:
[2017.12.11-00.21.17:869][  0]LogWindows:    0. 'NVIDIA GeForce GTX 960' (P:1 D:1)
[2017.12.11-00.21.17:870][  0]LogWindows:    1. 'NVIDIA GeForce GTX 960' (P:0 D:0)
[2017.12.11-00.21.17:871][  0]LogWindows:    2. 'NVIDIA GeForce GTX 960' (P:0 D:0)
[2017.12.11-00.21.17:871][  0]LogWindows:    3. 'NVIDIA GeForce GTX 960' (P:0 D:0)
[2017.12.11-00.21.17:872][  0]LogWindows: DebugString: FoundDriverCount:4 
[2017.12.11-00.21.17:872][  0]LogD3D11RHI:     Adapter Name: NVIDIA GeForce GTX 960
[2017.12.11-00.21.17:872][  0]LogD3D11RHI:   Driver Version: 388.13 (internal:23.21.13.8813, unified:388.13)
[2017.12.11-00.21.17:872][  0]LogD3D11RHI:      Driver Date: 10-27-2017
[2017.12.11-00.21.17:872][  0]LogRHI: Texture pool is 1411 MB (70% of 2016 MB)
[2017.12.11-00.21.17:937][  0]LogD3D11RHI: Async texture creation enabled
[2017.12.11-00.21.17:951][  0]LogD3D11RHI: GPU Timing Frequency: 1000.000000 (Debug: 2 1)
[2017.12.11-00.21.18:002][  0]LogShaderCompilers: Guid format shader working directory is -14 characters bigger than the processId version (../../../../../../Users/Zakkar/Documents/GitHub/IKA/Bomberman/Intermediate/Shaders/WorkingDirectory/8612/).
[2017.12.11-00.21.18:003][  0]LogShaderCompilers: Cleaned the shader compiler working directory 'C:/Users/Zakkar/AppData/Local/Temp/UnrealShaderWorkingDir/2B164B5A44B1BBE5898D86959E91F260/'.
[2017.12.11-00.21.18:003][  0]LogShaderCompilers: Display: Using Local Shader Compiler.
[2017.12.11-00.21.23:024][  0]LogTemp: Display: Loaded TP AllDesktopTargetPlatform
[2017.12.11-00.21.23:143][  0]LogTemp: Display: Loaded TP MacClientTargetPlatform
[2017.12.11-00.21.23:264][  0]LogTemp: Display: Loaded TP MacNoEditorTargetPlatform
[2017.12.11-00.21.23:391][  0]LogTemp: Display: Loaded TP MacServerTargetPlatform
[2017.12.11-00.21.23:536][  0]LogTemp: Display: Loaded TP MacTargetPlatform
[2017.12.11-00.21.23:641][  0]LogTemp: Display: Loaded TP WindowsClientTargetPlatform
[2017.12.11-00.21.23:762][  0]LogTemp: Display: Loaded TP WindowsNoEditorTargetPlatform
[2017.12.11-00.21.23:867][  0]LogTemp: Display: Loaded TP WindowsServerTargetPlatform
[2017.12.11-00.21.23:963][  0]LogTemp: Display: Loaded TP WindowsTargetPlatform
[2017.12.11-00.21.24:070][  0]LogTemp: Display: Loaded TP Android_ASTCTargetPlatform
[2017.12.11-00.21.24:182][  0]LogTemp: Display: Loaded TP Android_ATCTargetPlatform
[2017.12.11-00.21.24:290][  0]LogTemp: Display: Loaded TP Android_DXTTargetPlatform
[2017.12.11-00.21.24:392][  0]LogTemp: Display: Loaded TP Android_ETC1TargetPlatform
[2017.12.11-00.21.24:513][  0]LogTemp: Display: Loaded TP Android_ETC2TargetPlatform
[2017.12.11-00.21.24:752][  0]LogTemp: Display: Loaded TP Android_MultiTargetPlatform
[2017.12.11-00.21.24:752][  0]LogTemp: Display: Loaded TP Android_PVRTCTargetPlatform
[2017.12.11-00.21.24:876][  0]LogTemp: Display: Loaded TP AndroidTargetPlatform
[2017.12.11-00.21.24:977][  0]LogTemp: Display: Loaded TP HTML5TargetPlatform
[2017.12.11-00.21.25:210][  0]LogTemp: Display: Loaded TP IOSTargetPlatform
[2017.12.11-00.21.25:265][  0]LogTemp: Display: Loaded TP TVOSTargetPlatform
[2017.12.11-00.21.25:378][  0]LogTemp: Display: Loaded TP LinuxClientTargetPlatform
[2017.12.11-00.21.25:491][  0]LogTemp: Display: Loaded TP LinuxNoEditorTargetPlatform
[2017.12.11-00.21.25:601][  0]LogTemp: Display: Loaded TP LinuxServerTargetPlatform
[2017.12.11-00.21.25:727][  0]LogTemp: Display: Loaded TP LinuxTargetPlatform
[2017.12.11-00.21.25:727][  0]LogTargetPlatformManager: Display: Building Assets For Windows
[2017.12.11-00.21.27:541][  0]LogDerivedDataCache: Display: Max Cache Size: 512 MB
[2017.12.11-00.21.28:261][  0]LogDerivedDataCache: Loaded boot cache 0.72s 79MB C:/Users/Zakkar/AppData/Local/UnrealEngine/4.18/DerivedDataCache/Boot.ddc.
[2017.12.11-00.21.28:262][  0]LogDerivedDataCache: Display: Loaded Boot cache: C:/Users/Zakkar/AppData/Local/UnrealEngine/4.18/DerivedDataCache/Boot.ddc
[2017.12.11-00.21.28:262][  0]LogDerivedDataCache: FDerivedDataBackendGraph:  Pak pak cache file ../../../../../../Users/Zakkar/Documents/GitHub/IKA/Bomberman/DerivedDataCache/DDC.ddp not found, will not use a pak cache.
[2017.12.11-00.21.28:262][  0]LogDerivedDataCache: Unable to find inner node Pak for hierarchical cache Hierarchy.
[2017.12.11-00.21.28:262][  0]LogDerivedDataCache: FDerivedDataBackendGraph:  CompressedPak pak cache file ../../../../../../Users/Zakkar/Documents/GitHub/IKA/Bomberman/DerivedDataCache/Compressed.ddp not found, will not use a pak cache.
[2017.12.11-00.21.28:262][  0]LogDerivedDataCache: Unable to find inner node CompressedPak for hierarchical cache Hierarchy.
[2017.12.11-00.21.28:294][  0]LogDerivedDataCache: Display: Pak cache opened for reading ../../../Engine/DerivedDataCache/Compressed.ddp.
[2017.12.11-00.21.28:309][  0]LogDerivedDataCache: Using Local data cache path C:/Users/Zakkar/AppData/Local/UnrealEngine/Common/DerivedDataCache: Writable
[2017.12.11-00.21.28:333][  0]LogMaterial: Verifying Global Shaders for PCD3D_SM5
[2017.12.11-00.21.28:333][  0]LogSlate: Using Freetype 2.6.0
[2017.12.11-00.21.28:392][  0]LogSlate: SlateFontCache - WITH_FREETYPE: 1, WITH_HARFBUZZ: 1
[2017.12.11-00.21.28:392][  0]LogSlate: SlateFontCache - WITH_FREETYPE: 1, WITH_HARFBUZZ: 1
[2017.12.11-00.21.31:430][  0]LogInit: Selected Device Profile: [Windows]
[2017.12.11-00.21.32:341][  0]LogSimplygon: Simplygon DLL not present - disabling.
[2017.12.11-00.21.32:442][  0]LogMeshReduction: Using SimplygonSwarm for distributed automatic mesh merging
[2017.12.11-00.21.32:442][  0]LogMeshReduction: Using QuadricMeshReduction for automatic static mesh reduction
[2017.12.11-00.21.32:442][  0]LogMeshReduction: No automatic skeletal mesh reduction module available
[2017.12.11-00.21.32:442][  0]LogMeshReduction: No automatic mesh merging module available
[2017.12.11-00.21.32:443][  0]LogMeshMerging: No automatic mesh merging module available
[2017.12.11-00.21.32:494][  0]LogNetVersion: Bomberman , NetCL: 3709383, EngineNetVer: 2, GameNetVer: 0 (Checksum: 2909264662)
[2017.12.11-00.21.32:791][  0]LogAssetRegistry: FAssetRegistry took 0.0329 seconds to start up
[2017.12.11-00.21.33:901][  0]LogPackageLocalizationCache: Processed 7 localized package path(s) for 2 prioritized culture(s) in 0.214600 seconds
[2017.12.11-00.21.33:913][  0]LogUObjectArray: 35900 objects as part of root set at end of initial load.
[2017.12.11-00.21.33:913][  0]LogUObjectAllocator: 7372024 out of 0 bytes used by permanent object pool.
[2017.12.11-00.21.33:913][  0]LogUObjectArray: CloseDisregardForGC: 0/0 objects in disregard for GC pool
[2017.12.11-00.21.34:081][  0]LogInit: WinSock: version 1.1 (2.2), MaxSocks=32767, MaxUdp=65467
[2017.12.11-00.21.55:393][  0]LogTcpMessaging: Initializing TcpMessaging bridge
[2017.12.11-00.21.55:509][  0]LogUdpMessaging: Initializing bridge on interface 0.0.0.0:0 to multicast group 230.0.0.1:6666.
[2017.12.11-00.21.57:723][  0]LogMaterial: Uniform references updated for custom material expression Custom.
[2017.12.11-00.21.58:696][  0]SourceControl: Source control is disabled
[2017.12.11-00.21.58:697][  0]SourceControl: Source control is disabled
[2017.12.11-00.21.58:854][  0]SourceControl: Source control is disabled
[2017.12.11-00.21.58:981][  0]SourceControl: Source control is disabled
[2017.12.11-00.22.01:150][  0]LogAndroidPermission: UAndroidPermissionCallbackProxy::GetInstance
[2017.12.11-00.22.01:848][  0]LogOcInput: OculusInput pre-init called
[2017.12.11-00.22.02:518][  0]LogEngine: Initializing Engine...
[2017.12.11-00.22.02:521][  0]LogHMD: Failed to initialize OpenVR with code 110
[2017.12.11-00.22.03:149][  0]LogStats: UGameplayTagsManager::ConstructGameplayTagTree: Construct from data asset -  0.000 s
[2017.12.11-00.22.03:149][  0]LogStats: UGameplayTagsManager::ConstructGameplayTagTree: GameplayTagTreeChangedEvent.Broadcast -  0.000 s
[2017.12.11-00.22.03:500][  0]LogAIModule: Creating AISystem for world Untitled
[2017.12.11-00.22.03:569][  0]LogInit: XAudio2 using 'BenQ GL2460-4 (NVIDIA High Definition Audio)' : 2 channels at 48 kHz using 16 bits per sample (channel mask 0x3)
[2017.12.11-00.22.03:628][  0]LogInit: FAudioDevice initialized.
[2017.12.11-00.22.03:831][  0]LogDerivedDataCache: Saved boot cache 0.20s 79MB C:/Users/Zakkar/AppData/Local/UnrealEngine/4.18/DerivedDataCache/Boot.ddc.
[2017.12.11-00.22.03:886][  0]LogInit: Texture streaming: Enabled
[2017.12.11-00.22.04:184][  0]LogEngineSessionManager: EngineSessionManager initialized
[2017.12.11-00.22.04:191][  0]LogEngineSessionManager: EngineSessionManager sent abnormal shutdown report. Type=Debugger, SessionId={AA716BCB-432A-E0BB-E763-198D49634BBE}
[2017.12.11-00.22.04:515][  0]LogInit: Transaction tracking system initialized
[2017.12.11-00.22.05:342][  0]BlueprintLog: New page: Editor Load
[2017.12.11-00.22.08:028][  0]LocalizationService: Localization service is disabled
[2017.12.11-00.22.10:167][  0]LogConsoleResponse: Display: 
[2017.12.11-00.22.11:989][  0]LogCook: Display: Max memory allowance for cook 16384mb min free memory 0mb
[2017.12.11-00.22.11:990][  0]LogCook: Display: Mobile HDR setting 1
[2017.12.11-00.22.11:990][  0]LogGameplayTags: Display: UGameplayTagsManager::DoneAddingNativeTags. DelegateIsBound: 0
[2017.12.11-00.22.12:976][  0]LogFileCache: Scanning file cache for directory 'C:/Users/Zakkar/Documents/GitHub/IKA/Bomberman/Content/' took 0.06s
[2017.12.11-00.22.15:601][  0]SourceControl: Source control is disabled
[2017.12.11-00.22.15:601][  0]Cmd: MAP LOAD FILE="../../../../../../Users/Zakkar/Documents/GitHub/IKA/Bomberman/Content/Maps/Gym.umap" TEMPLATE=0 SHOWPROGRESS=1 FEATURELEVEL=3
[2017.12.11-00.22.15:652][  0]LightingResults: New page: Lighting Build
[2017.12.11-00.22.15:762][  0]MapCheck: New page: Map Check
[2017.12.11-00.22.15:762][  0]LightingResults: New page: Lighting Build
[2017.12.11-00.22.16:538][  0]LogAIModule: Creating AISystem for world Gym
[2017.12.11-00.22.16:672][  0]LogEditorServer: Finished looking for orphan Actors (0.000 secs)
[2017.12.11-00.22.16:697][  0]Cmd: MAP CHECKDEP NOCLEARLOG
[2017.12.11-00.22.16:812][  0]MapCheck: Map check complete: 0 Error(s), 0 Warning(s), took 114.127ms to complete.
[2017.12.11-00.22.16:812][  0]LogFileHelpers: Loading map 'Gym' took 1.211
[2017.12.11-00.22.17:465][  0]LogCollectionManager: Loaded 0 collections in 0.003868 seconds
[2017.12.11-00.22.17:612][  0]LogFileCache: Scanning file cache for directory 'C:/Users/Zakkar/Documents/GitHub/IKA/Bomberman/Saved/Collections/' took 0.01s
[2017.12.11-00.22.17:612][  0]LogFileCache: Scanning file cache for directory 'C:/Users/Zakkar/Documents/GitHub/IKA/Bomberman/Content/Developers/Zakkar/Collections/' took 0.01s
[2017.12.11-00.22.17:612][  0]LogFileCache: Scanning file cache for directory 'C:/Users/Zakkar/Documents/GitHub/IKA/Bomberman/Content/Collections/' took 0.01s
[2017.12.11-00.22.17:613][  0]LogCollectionManager: Rebuilt the GUID cache for 0 collections in 0.000001 seconds
[2017.12.11-00.22.17:633][  0]LogContentBrowser: Native class hierarchy populated in 0.0197 seconds. Added 2370 classes and 522 folders.
[2017.12.11-00.22.17:783][  0]LogContentBrowser: Native class hierarchy updated for 'WidgetCarousel' in 0.0014 seconds. Added 0 classes and 0 folders.
[2017.12.11-00.22.23:546][  0]LogContentBrowser: Native class hierarchy updated for 'AddContentDialog' in 0.0016 seconds. Added 0 classes and 0 folders.
[2017.12.11-00.22.23:713][  0]LogContentBrowser: Native class hierarchy updated for 'SceneOutliner' in 0.0020 seconds. Added 1 classes and 2 folders.
[2017.12.11-00.22.24:077][  0]LogSlate: Took 0.024085 seconds to synchronously load lazily loaded font '../../../Engine/Content/Slate/Fonts/Roboto-Regular.ttf' (155K)
[2017.12.11-00.22.24:104][  0]LogSlate: Took 0.024866 seconds to synchronously load lazily loaded font '../../../Engine/Content/Slate/Fonts/Roboto-Bold.ttf' (160K)
[2017.12.11-00.22.24:160][  0]LogSlate: Took 0.029402 seconds to synchronously load lazily loaded font '../../../Engine/Content/Editor/Slate/Fonts/FontAwesome.ttf' (139K)
[2017.12.11-00.22.24:891][  0]LogRenderer: Reallocating scene render targets to support 1208x576 Format 10 NumSamples 1 (Frame:1).
[2017.12.11-00.22.25:199][  0]LogSlate: Took 0.019476 seconds to synchronously load lazily loaded font '../../../Engine/Content/Slate/Fonts/Roboto-Light.ttf' (159K)
[2017.12.11-00.22.25:942][  0]LogContentBrowser: Native class hierarchy updated for 'HierarchicalLODOutliner' in 0.0015 seconds. Added 1 classes and 2 folders.
[2017.12.11-00.22.25:942][  0]LogLoad: (Engine Initialization) Total time: 84.87 seconds
[2017.12.11-00.22.25:942][  0]LogLoad: (Engine Initialization) Total Blueprint compile time: 0.00 seconds
[2017.12.11-00.22.25:942][  0]LogExternalProfiler: Found external profiler: VSPerf
[2017.12.11-00.22.25:943][  0]LogExternalProfiler: Using external profiler: VSPerf
[2017.12.11-00.22.25:993][  0]LogContentStreaming: Texture pool size now 1000 MB
[2017.12.11-00.22.26:190][  2]LogAssetRegistry: Asset discovery search completed in 53.4247 seconds
[2017.12.11-00.22.26:209][  2]LogCollectionManager: Rebuilt the object cache for 0 collections in 0.000001 seconds (found 0 objects)
[2017.12.11-00.22.26:210][  2]LogCollectionManager: Fixed up redirectors for 0 collections in 0.015093 seconds (updated 0 objects)
[2017.12.11-00.22.28:955][241]LogTemp: Repeating last play command: Selected Viewport
[2017.12.11-00.22.29:141][241]LogBlueprintUserMessages: Early PlayInEditor Detection: Level '/Game/Maps/Gym.Gym:PersistentLevel' has LevelScriptBlueprint '/Game/Maps/Gym.Gym:PersistentLevel.Gym' with GeneratedClass '/Game/Maps/Gym.Gym_C' with ClassGeneratedBy '/Game/Maps/Gym.Gym:PersistentLevel.Gym'
[2017.12.11-00.22.29:142][241]LogPlayLevel: PlayLevel: No blueprints needed recompiling
[2017.12.11-00.22.29:220][241]PIE: New page: PIE session: Gym (Dec 10, 2017, 2:22:29 PM)
[2017.12.11-00.22.29:220][241]LogPlayLevel: Creating play world package: /Game/Maps/UEDPIE_0_Gym
[2017.12.11-00.22.29:233][241]LogPlayLevel: PIE: StaticDuplicateObject took: (0.012545s)
[2017.12.11-00.22.29:235][241]LogAIModule: Creating AISystem for world Gym
[2017.12.11-00.22.29:236][241]LogPlayLevel: PIE: World Init took: (0.002432s)
[2017.12.11-00.22.29:236][241]LogPlayLevel: PIE: Created PIE world by copying editor world from /Game/Maps/Gym.Gym to /Game/Maps/UEDPIE_0_Gym.Gym (0.015986s)
[2017.12.11-00.22.29:283][241]LogInit: XAudio2 using 'BenQ GL2460-4 (NVIDIA High Definition Audio)' : 2 channels at 48 kHz using 16 bits per sample (channel mask 0x3)
[2017.12.11-00.22.29:295][241]LogInit: FAudioDevice initialized.
[2017.12.11-00.22.29:364][241]LogLoad: Game class is 'CustomGameMode_C'
[2017.12.11-00.22.29:368][241]LogWorld: Bringing World /Game/Maps/UEDPIE_0_Gym.Gym up for play (max tick rate 0) at 2017.12.10-19.22.29
[2017.12.11-00.22.29:369][241]LogWorld: Bringing up level for play took: 0.001827
[2017.12.11-00.22.29:469][241]LogContentBrowser: Native class hierarchy updated for 'MovieSceneCapture' in 0.0017 seconds. Added 11 classes and 0 folders.
[2017.12.11-00.22.29:496][241]PIE: Play in editor start time for /Game/Maps/UEDPIE_0_Gym 0.477
[2017.12.11-00.22.29:496][241]LogBlueprintUserMessages: Late PlayInEditor Detection: Level '/Game/Maps/Gym.Gym:PersistentLevel' has LevelScriptBlueprint '/Game/Maps/Gym.Gym:PersistentLevel.Gym' with GeneratedClass '/Game/Maps/Gym.Gym_C' with ClassGeneratedBy '/Game/Maps/Gym.Gym:PersistentLevel.Gym'
[2017.12.11-00.23.39:788][394]LogBlueprintUserMessages: Early EndPlayMap Detection: Level '/Game/Maps/Gym.Gym:PersistentLevel' has LevelScriptBlueprint '/Game/Maps/Gym.Gym:PersistentLevel.Gym' with GeneratedClass '/Game/Maps/Gym.Gym_C' with ClassGeneratedBy '/Game/Maps/Gym.Gym:PersistentLevel.Gym'
[2017.12.11-00.23.39:859][394]LogBlueprintUserMessages: Late EndPlayMap Detection: Level '/Game/Maps/Gym.Gym:PersistentLevel' has LevelScriptBlueprint '/Game/Maps/Gym.Gym:PersistentLevel.Gym' with GeneratedClass '/Game/Maps/Gym.Gym_C' with ClassGeneratedBy '/Game/Maps/Gym.Gym:PersistentLevel.Gym'
[2017.12.11-00.23.45:517][849]LogWindowsTextInputMethodSystem: Display: IME system now deactivated.
[2017.12.11-00.23.46:038][850]Cmd: QUIT_EDITOR
[2017.12.11-00.23.46:823][850]LogExit: Preparing to exit.
[2017.12.11-00.23.47:480][850]LogDirectoryWatcher: A directory notification for 'C:/Users/Zakkar/Documents/GitHub/IKA/Bomberman/Content/' was aborted.
[2017.12.11-00.23.47:578][850]LogExit: Editor shut down
[2017.12.11-00.23.47:597][850]LogExit: Transaction tracking system shut down
[2017.12.11-00.23.48:172][850]LogDirectoryWatcher: A directory notification for '../../../Engine/Content/' was aborted.
[2017.12.11-00.23.48:173][850]LogDirectoryWatcher: A directory notification for '../../../../../../Users/Zakkar/Documents/GitHub/IKA/Bomberman/Content/' was aborted.
[2017.12.11-00.23.48:173][850]LogDirectoryWatcher: A directory notification for '../../../Engine/Plugins/2D/Paper2D/Content/' was aborted.
[2017.12.11-00.23.48:174][850]LogDirectoryWatcher: A directory notification for '../../../Engine/Plugins/Media/MediaCompositing/Content/' was aborted.
[2017.12.11-00.23.48:174][850]LogDirectoryWatcher: A directory notification for '../../../Engine/Plugins/Runtime/AppleARKit/Content/' was aborted.
[2017.12.11-00.23.48:174][850]LogDirectoryWatcher: A directory notification for '../../../Engine/Plugins/Runtime/Oculus/OculusVR/Content/' was aborted.
[2017.12.11-00.23.48:174][850]LogDirectoryWatcher: A directory notification for '../../../Engine/Plugins/Runtime/Steam/SteamVR/Content/' was aborted.
[2017.12.11-00.23.49:069][850]LogExit: Object subsystem successfully closed.
[2017.12.11-00.23.49:197][850]LogD3D11RHI: Shutdown
[2017.12.11-00.23.49:208][850]LogD3D11RHI: CleanupD3DDevice
[2017.12.11-00.23.49:247][850]LogD3D11RHI: ~FD3D11DynamicRHI
[2017.12.11-00.23.49:934][850]LogModuleManager: Shutting down and abandoning module MovieSceneCapture (552)
[2017.12.11-00.23.49:934][850]LogModuleManager: Shutting down and abandoning module HierarchicalLODOutliner (550)
[2017.12.11-00.23.49:935][850]LogModuleManager: Shutting down and abandoning module DesktopPlatform (548)
[2017.12.11-00.23.49:945][850]LogModuleManager: Shutting down and abandoning module SceneOutliner (546)
[2017.12.11-00.23.49:954][850]LogModuleManager: Shutting down and abandoning module AddContentDialog (544)
[2017.12.11-00.23.49:970][850]LogDirectoryWatcher: A directory notification for 'C:/Program Files/Epic Games/UE_4.18/FeaturePacks/' was aborted.
[2017.12.11-00.23.49:973][850]LogModuleManager: Shutting down and abandoning module WidgetCarousel (543)
[2017.12.11-00.23.49:974][850]LogModuleManager: Shutting down and abandoning module EditorWidgets (540)
[2017.12.11-00.23.49:974][850]LogModuleManager: Shutting down and abandoning module CollectionManager (538)
[2017.12.11-00.23.49:985][850]LogDirectoryWatcher: A directory notification for 'C:/Users/Zakkar/Documents/GitHub/IKA/Bomberman/Content/Collections/' was aborted.
[2017.12.11-00.23.49:985][850]LogDirectoryWatcher: A directory notification for 'C:/Users/Zakkar/Documents/GitHub/IKA/Bomberman/Content/Developers/Zakkar/Collections/' was aborted.
[2017.12.11-00.23.49:985][850]LogDirectoryWatcher: A directory notification for 'C:/Users/Zakkar/Documents/GitHub/IKA/Bomberman/Saved/Collections/' was aborted.
[2017.12.11-00.23.49:985][850]LogModuleManager: Shutting down and abandoning module StatsViewer (536)
[2017.12.11-00.23.49:996][850]LogModuleManager: Shutting down and abandoning module FoliageEdit (534)
[2017.12.11-00.23.50:008][850]LogModuleManager: Shutting down and abandoning module LandscapeEditor (532)
[2017.12.11-00.23.50:021][850]LogModuleManager: Shutting down and abandoning module MeshPaintMode (530)
[2017.12.11-00.23.50:032][850]LogModuleManager: Shutting down and abandoning module SceneDepthPickerMode (528)
[2017.12.11-00.23.50:032][850]LogModuleManager: Shutting down and abandoning module ActorPickerMode (526)
[2017.12.11-00.23.50:032][850]LogModuleManager: Shutting down and abandoning module GeometryMode (524)
[2017.12.11-00.23.50:032][850]LogModuleManager: Shutting down and abandoning module TextureAlignMode (522)
[2017.12.11-00.23.50:032][850]LogModuleManager: Shutting down and abandoning module BspMode (520)
[2017.12.11-00.23.50:032][850]LogModuleManager: Shutting down and abandoning module PIEPreviewDeviceProfileSelector (518)
[2017.12.11-00.23.50:033][850]LogModuleManager: Shutting down and abandoning module HardwareSurvey (516)
[2017.12.11-00.23.50:033][850]LogModuleManager: Shutting down and abandoning module SequenceRecorderSections (514)
[2017.12.11-00.23.50:046][850]LogModuleManager: Shutting down and abandoning module AutomationWorker (512)
[2017.12.11-00.23.50:056][850]LogModuleManager: Shutting down and abandoning module MatineeToLevelSequence (510)
[2017.12.11-00.23.50:065][850]LogModuleManager: Shutting down and abandoning module LevelSequenceEditor (508)
[2017.12.11-00.23.50:088][850]LogModuleManager: Shutting down and abandoning module PlacementMode (507)
[2017.12.11-00.23.50:088][850]LogModuleManager: Shutting down and abandoning module WmfMediaFactory (504)
[2017.12.11-00.23.50:089][850]LogModuleManager: Shutting down and abandoning module WmfMediaEditor (502)
[2017.12.11-00.23.50:089][850]LogModuleManager: Shutting down and abandoning module OpenExrWrapper (500)
[2017.12.11-00.23.50:089][850]LogModuleManager: Shutting down and abandoning module ImgMediaFactory (498)
[2017.12.11-00.23.50:089][850]LogModuleManager: Shutting down and abandoning module ImgMediaEditor (496)
[2017.12.11-00.23.50:090][850]LogModuleManager: Shutting down and abandoning module AvfMediaFactory (494)
[2017.12.11-00.23.50:090][850]LogModuleManager: Shutting down and abandoning module AvfMediaEditor (492)
[2017.12.11-00.23.50:090][850]LogModuleManager: Shutting down and abandoning module AndroidMediaFactory (490)
[2017.12.11-00.23.50:090][850]LogModuleManager: Shutting down and abandoning module AndroidMediaEditor (488)
[2017.12.11-00.23.50:090][850]LogModuleManager: Shutting down and abandoning module CharacterAI (486)
[2017.12.11-00.23.50:091][850]LogModuleManager: Shutting down and abandoning module AudioCapture (484)
[2017.12.11-00.23.50:100][850]LogModuleManager: Shutting down and abandoning module SequenceRecorder (483)
[2017.12.11-00.23.50:101][850]LogModuleManager: Shutting down and abandoning module SmartSnapping (480)
[2017.12.11-00.23.50:101][850]LogModuleManager: Shutting down and abandoning module SessionServices (478)
[2017.12.11-00.23.50:101][850]LogModuleManager: Shutting down and abandoning module ViewportSnapping (476)
[2017.12.11-00.23.50:101][850]LogModuleManager: Shutting down and abandoning module ViewportInteraction (474)
[2017.12.11-00.23.50:101][850]LogModuleManager: Shutting down and abandoning module ClothPainter (472)
[2017.12.11-00.23.50:129][850]LogModuleManager: Shutting down and abandoning module SkeletalMeshEditor (471)
[2017.12.11-00.23.50:146][850]LogModuleManager: Shutting down and abandoning module LogVisualizer (468)
[2017.12.11-00.23.50:158][850]LogModuleManager: Shutting down and abandoning module IntroTutorials (466)
[2017.12.11-00.23.50:174][850]LogModuleManager: Shutting down and abandoning module GameProjectGeneration (465)
[2017.12.11-00.23.50:201][850]LogModuleManager: Shutting down and abandoning module IOSPlatformEditor (462)
[2017.12.11-00.23.50:216][850]LogModuleManager: Shutting down and abandoning module HTML5PlatformEditor (460)
[2017.12.11-00.23.50:217][850]LogModuleManager: Shutting down and abandoning module AndroidPlatformEditor (458)
[2017.12.11-00.23.50:217][850]LogModuleManager: Shutting down and abandoning module AndroidDeviceDetection (457)
[2017.12.11-00.23.50:246][850]LogModuleManager: Shutting down and abandoning module WindowsPlatformEditor (454)
[2017.12.11-00.23.50:247][850]LogModuleManager: Shutting down and abandoning module IOSRuntimeSettings (452)
[2017.12.11-00.23.50:250][850]LogModuleManager: Shutting down and abandoning module AndroidRuntimeSettings (450)
[2017.12.11-00.23.50:251][850]LogModuleManager: Shutting down and abandoning module InputBindingEditor (448)
[2017.12.11-00.23.50:262][850]LogModuleManager: Shutting down and abandoning module MergeActors (446)
[2017.12.11-00.23.50:271][850]LogModuleManager: Shutting down and abandoning module SizeMap (444)
[2017.12.11-00.23.50:271][850]LogModuleManager: Shutting down and abandoning module TreeMap (442)
[2017.12.11-00.23.50:283][850]LogModuleManager: Shutting down and abandoning module ReferenceViewer (440)
[2017.12.11-00.23.50:283][850]LogModuleManager: Shutting down and abandoning module LocalizationDashboard (438)
[2017.12.11-00.23.50:297][850]LogModuleManager: Shutting down and abandoning module LocalizationService (437)
[2017.12.11-00.23.50:303][850]LogModuleManager: Shutting down and abandoning module HardwareTargeting (434)
[2017.12.11-00.23.50:303][850]LogModuleManager: Shutting down and abandoning module DeviceProfileEditor (432)
[2017.12.11-00.23.50:304][850]LogModuleManager: Shutting down and abandoning module UndoHistory (430)
[2017.12.11-00.23.50:304][850]LogModuleManager: Shutting down and abandoning module XmlParser (428)
[2017.12.11-00.23.50:313][850]LogModuleManager: Shutting down and abandoning module Blutility (426)
[2017.12.11-00.23.50:313][850]LogModuleManager: Shutting down and abandoning module ProjectSettingsViewer (424)
[2017.12.11-00.23.50:313][850]LogModuleManager: Shutting down and abandoning module ProjectTargetPlatformEditor (423)
[2017.12.11-00.23.50:313][850]LogModuleManager: Shutting down and abandoning module EditorSettingsViewer (420)
[2017.12.11-00.23.50:313][850]LogModuleManager: Shutting down and abandoning module SettingsEditor (418)
[2017.12.11-00.23.50:323][850]LogModuleManager: Shutting down and abandoning module ProjectLauncher (416)
[2017.12.11-00.23.50:332][850]LogModuleManager: Shutting down and abandoning module SessionFrontend (414)
[2017.12.11-00.23.50:347][850]LogModuleManager: Shutting down and abandoning module ProfilerClient (412)
[2017.12.11-00.23.50:359][850]LogModuleManager: Shutting down and abandoning module DeviceManager (410)
[2017.12.11-00.23.50:370][850]LogModuleManager: Shutting down and abandoning module TargetDeviceServices (409)
[2017.12.11-00.23.50:425][850]LogModuleManager: Shutting down and abandoning module AutomationController (406)
[2017.12.11-00.23.50:442][850]LogModuleManager: Shutting down and abandoning module AutomationWindow (404)
[2017.12.11-00.23.50:458][850]LogModuleManager: Shutting down and abandoning module Layers (402)
[2017.12.11-00.23.50:471][850]LogModuleManager: Shutting down and abandoning module ComponentVisualizers (400)
[2017.12.11-00.23.50:471][850]LogModuleManager: Shutting down and abandoning module DetailCustomizations (398)
[2017.12.11-00.23.50:481][850]LogModuleManager: Shutting down and abandoning module PackagesDialog (396)
[2017.12.11-00.23.50:488][850]LogModuleManager: Shutting down and abandoning module Persona (394)
[2017.12.11-00.23.50:527][850]LogModuleManager: Shutting down and abandoning module AdvancedPreviewScene (393)
[2017.12.11-00.23.50:527][850]LogModuleManager: Shutting down and abandoning module AnimGraph (391)
[2017.12.11-00.23.50:528][850]LogModuleManager: Shutting down and abandoning module Kismet (388)
[2017.12.11-00.23.50:570][850]LogModuleManager: Shutting down and abandoning module ClassViewer (386)
[2017.12.11-00.23.50:571][850]LogModuleManager: Shutting down and abandoning module Toolbox (384)
[2017.12.11-00.23.50:571][850]LogModuleManager: Shutting down and abandoning module ModuleUI (382)
[2017.12.11-00.23.50:581][850]LogModuleManager: Shutting down and abandoning module MovieSceneTools (380)
[2017.12.11-00.23.50:600][850]LogModuleManager: Shutting down and abandoning module OutputLog (378)
[2017.12.11-00.23.50:616][850]LogModuleManager: Shutting down and abandoning module GammaUI (376)
[2017.12.11-00.23.50:624][850]LogModuleManager: Shutting down and abandoning module Documentation (374)
[2017.12.11-00.23.50:625][850]LogModuleManager: Shutting down and abandoning module MovieSceneTracks (372)
[2017.12.11-00.23.50:625][850]LogModuleManager: Shutting down and abandoning module MovieScene (370)
[2017.12.11-00.23.50:625][850]LogModuleManager: Shutting down and abandoning module StreamingPauseRendering (368)
[2017.12.11-00.23.50:625][850]LogModuleManager: Shutting down and abandoning module LauncherPlatform (366)
[2017.12.11-00.23.50:625][850]LogModuleManager: Shutting down and abandoning module AnalyticsET (364)
[2017.12.11-00.23.50:625][850]LogModuleManager: Shutting down and abandoning module PortalServices (362)
[2017.12.11-00.23.50:625][850]LogModuleManager: Shutting down and abandoning module PortalRpc (360)
[2017.12.11-00.23.50:625][850]LogModuleManager: Shutting down and abandoning module MessagingRpc (358)
[2017.12.11-00.23.50:625][850]LogModuleManager: Shutting down and abandoning module AIModule (356)
[2017.12.11-00.23.50:626][850]LogModuleManager: Shutting down and abandoning module GameplayDebugger (355)
[2017.12.11-00.23.50:626][850]LogModuleManager: Shutting down and abandoning module AITestSuite (353)
[2017.12.11-00.23.50:633][850]LogModuleManager: Shutting down and abandoning module ProfilerService (350)
[2017.12.11-00.23.50:762][850]LogModuleManager: Shutting down and abandoning module TaskGraph (348)
[2017.12.11-00.23.50:769][850]LogModuleManager: Shutting down and abandoning module SteamVRController (346)
[2017.12.11-00.23.50:769][850]LogModuleManager: Shutting down and abandoning module ProceduralMeshComponentEditor (344)
[2017.12.11-00.23.50:769][850]LogModuleManager: Shutting down and abandoning module ProceduralMeshComponent (342)
[2017.12.11-00.23.50:769][850]LogModuleManager: Shutting down and abandoning module OculusInput (340)
[2017.12.11-00.23.50:769][850]LogModuleManager: Shutting down and abandoning module MobilePatchingUtils (338)
[2017.12.11-00.23.50:769][850]LogModuleManager: Shutting down and abandoning module CustomMeshComponent (336)
[2017.12.11-00.23.50:769][850]LogModuleManager: Shutting down and abandoning module CableComponent (334)
[2017.12.11-00.23.50:769][850]LogModuleManager: Shutting down and abandoning module ArchVisCharacter (332)
[2017.12.11-00.23.50:770][850]LogModuleManager: Shutting down and abandoning module AndroidPermission (330)
[2017.12.11-00.23.50:770][850]LogModuleManager: Shutting down and abandoning module ActorSequence (326)
[2017.12.11-00.23.50:770][850]LogModuleManager: Shutting down and abandoning module MediaPlayerEditor (324)
[2017.12.11-00.23.50:789][850]LogModuleManager: Shutting down and abandoning module MediaCompositingEditor (322)
[2017.12.11-00.23.50:789][850]LogModuleManager: Shutting down and abandoning module MediaCompositing (320)
[2017.12.11-00.23.50:790][850]LogModuleManager: Shutting down and abandoning module HTML5Networking (318)
[2017.12.11-00.23.50:790][850]LogModuleManager: Shutting down and abandoning module AlembicImporter (316)
[2017.12.11-00.23.50:799][850]LogModuleManager: Shutting down and abandoning module AlembicLibrary (315)
[2017.12.11-00.23.50:799][850]LogModuleManager: Shutting down and abandoning module GeometryCache (314)
[2017.12.11-00.23.50:805][850]LogModuleManager: Shutting down and abandoning module GeometryCacheEd (313)
[2017.12.11-00.23.50:805][850]LogModuleManager: Shutting down and abandoning module SpeedTreeImporter (308)
[2017.12.11-00.23.50:805][850]LogModuleManager: Shutting down and abandoning module PluginBrowser (306)
[2017.12.11-00.23.50:822][850]LogModuleManager: Shutting down and abandoning module MobileLauncherProfileWizard (304)
[2017.12.11-00.23.50:835][850]LogModuleManager: Shutting down and abandoning module VisualStudioSourceCodeAccess (302)
[2017.12.11-00.23.50:835][850]LogModuleManager: Shutting down and abandoning module VisualStudioCodeSourceCodeAccess (300)
[2017.12.11-00.23.50:835][850]LogModuleManager: Shutting down and abandoning module UObjectPlugin (298)
[2017.12.11-00.23.50:835][850]LogModuleManager: Shutting down and abandoning module SubversionSourceControl (296)
[2017.12.11-00.23.50:843][850]LogModuleManager: Shutting down and abandoning module PerforceSourceControl (294)
[2017.12.11-00.23.50:851][850]LogModuleManager: Shutting down and abandoning module GitSourceControl (292)
[2017.12.11-00.23.50:864][850]LogModuleManager: Shutting down and abandoning module SourceControl (291)
[2017.12.11-00.23.50:868][850]LogModuleManager: Shutting down and abandoning module LightPropagationVolumeEditor (288)
[2017.12.11-00.23.50:868][850]LogModuleManager: Shutting down and abandoning module PaperTiledImporter (286)
[2017.12.11-00.23.50:868][850]LogModuleManager: Shutting down and abandoning module PaperSpriteSheetImporter (284)
[2017.12.11-00.23.50:868][850]LogModuleManager: Shutting down and abandoning module Paper2DEditor (282)
[2017.12.11-00.23.50:887][850]LogModuleManager: Shutting down and abandoning module MeshPaint (281)
[2017.12.11-00.23.50:891][850]LogModuleManager: Shutting down and abandoning module LevelEditor (279)
[2017.12.11-00.23.50:897][850]LogModuleManager: Shutting down and abandoning module PixelInspectorModule (278)
[2017.12.11-00.23.50:905][850]LogModuleManager: Shutting down and abandoning module MainFrame (276)
[2017.12.11-00.23.50:915][850]LogModuleManager: Shutting down and abandoning module HotReload (275)
[2017.12.11-00.23.50:922][850]LogDirectoryWatcher: A directory notification for 'C:/Users/Zakkar/Documents/GitHub/IKA/Bomberman/Binaries/Win64' was aborted.
[2017.12.11-00.23.50:929][850]LogModuleManager: Shutting down and abandoning module Bomberman (270)
[2017.12.11-00.23.50:930][850]LogModuleManager: Shutting down and abandoning module RuntimePhysXCooking (268)
[2017.12.11-00.23.50:930][850]LogModuleManager: Shutting down and abandoning module PhysXVehiclesEditor (266)
[2017.12.11-00.23.50:930][850]LogModuleManager: Shutting down and abandoning module PhysXVehicles (264)
[2017.12.11-00.23.50:931][850]LogModuleManager: Shutting down and abandoning module OculusEditor (262)
[2017.12.11-00.23.50:931][850]LogModuleManager: Shutting down and abandoning module LocationServicesBPLibrary (260)
[2017.12.11-00.23.50:931][850]LogModuleManager: Shutting down and abandoning module ImmediatePhysicsEditor (258)
[2017.12.11-00.23.50:931][850]LogModuleManager: Shutting down and abandoning module ImmediatePhysics (256)
[2017.12.11-00.23.50:939][850]LogModuleManager: Shutting down and abandoning module UdpMessaging (254)
[2017.12.11-00.23.51:050][850]LogModuleManager: Shutting down and abandoning module TcpMessaging (252)
[2017.12.11-00.23.51:162][850]LogModuleManager: Shutting down and abandoning module GameplayTagsEditor (250)
[2017.12.11-00.23.51:172][850]LogModuleManager: Shutting down and abandoning module FacialAnimationEditor (248)
[2017.12.11-00.23.51:172][850]LogModuleManager: Shutting down and abandoning module FacialAnimation (246)
[2017.12.11-00.23.51:172][850]LogModuleManager: Shutting down and abandoning module AssetManagerEditor (244)
[2017.12.11-00.23.51:178][850]LogModuleManager: Shutting down and abandoning module GraphEditor (243)
[2017.12.11-00.23.51:203][850]LogModuleManager: Shutting down and abandoning module ContentBrowser (241)
[2017.12.11-00.23.51:205][850]LogModuleManager: Shutting down and abandoning module LightPropagationVolumeRuntime (238)
[2017.12.11-00.23.51:205][850]LogModuleManager: Shutting down and abandoning module Paper2D (236)
[2017.12.11-00.23.51:205][850]LogModuleManager: Shutting down and abandoning module WindowsMoviePlayer (234)
[2017.12.11-00.23.51:205][850]LogModuleManager: Shutting down and abandoning module WmfMedia (232)
[2017.12.11-00.23.51:218][850]LogModuleManager: Shutting down and abandoning module ImgMedia (230)
[2017.12.11-00.23.51:218][850]LogModuleManager: Shutting down and abandoning module PacketHandler (228)
[2017.12.11-00.23.51:218][850]LogModuleManager: Shutting down and abandoning module ClothingSystemEditor (226)
[2017.12.11-00.23.51:218][850]LogModuleManager: Shutting down and abandoning module ClothingSystemRuntime (224)
[2017.12.11-00.23.51:225][850]LogModuleManager: Shutting down and abandoning module MediaAssets (222)
[2017.12.11-00.23.51:226][850]LogModuleManager: Shutting down and abandoning module Media (221)
[2017.12.11-00.23.51:233][850]LogModuleManager: Shutting down and abandoning module Overlay (218)
[2017.12.11-00.23.51:233][850]LogModuleManager: Shutting down and abandoning module OverlayEditor (217)
[2017.12.11-00.23.51:233][850]LogModuleManager: Shutting down and abandoning module VREditor (214)
[2017.12.11-00.23.51:254][850]LogModuleManager: Shutting down and abandoning module StringTableEditor (212)
[2017.12.11-00.23.51:263][850]LogModuleManager: Shutting down and abandoning module GameplayTasksEditor (210)
[2017.12.11-00.23.51:264][850]LogModuleManager: Shutting down and abandoning module BehaviorTreeEditor (208)
[2017.12.11-00.23.51:282][850]LogModuleManager: Shutting down and abandoning module FunctionalTesting (206)
[2017.12.11-00.23.51:289][850]LogModuleManager: Shutting down and abandoning module CollisionAnalyzer (204)
[2017.12.11-00.23.51:311][850]LogModuleManager: Shutting down and abandoning module WorkspaceMenuStructure (203)
[2017.12.11-00.23.51:311][850]LogModuleManager: Shutting down and abandoning module UMG (200)
[2017.12.11-00.23.51:323][850]LogModuleManager: Shutting down and abandoning module UMGEditor (199)
[2017.12.11-00.23.51:345][850]LogModuleManager: Shutting down and abandoning module Sequencer (198)
[2017.12.11-00.23.51:374][850]LogModuleManager: Shutting down and abandoning module MessageLog (195)
[2017.12.11-00.23.51:374][850]LogModuleManager: Shutting down and abandoning module SlateReflector (190)
[2017.12.11-00.23.51:394][850]LogModuleManager: Shutting down and abandoning module Slate (188)
[2017.12.11-00.23.51:394][850]LogModuleManager: Shutting down and abandoning module EditorStyle (186)
[2017.12.11-00.23.51:403][850]LogModuleManager: Shutting down and abandoning module MRMesh (184)
[2017.12.11-00.23.51:403][850]LogModuleManager: Shutting down and abandoning module SourceCodeAccess (182)
[2017.12.11-00.23.51:403][850]LogModuleManager: Shutting down and abandoning module HeadMountedDisplay (180)
[2017.12.11-00.23.51:403][850]LogModuleManager: Shutting down and abandoning module XAudio2 (178)
[2017.12.11-00.23.51:404][850]LogModuleManager: Shutting down and abandoning module Networking (176)
[2017.12.11-00.23.51:405][850]LogModuleManager: Shutting down and abandoning module Core (172)
[2017.12.11-00.23.51:405][850]LogModuleManager: Shutting down and abandoning module LevelSequence (168)
[2017.12.11-00.23.51:413][850]LogModuleManager: Shutting down and abandoning module DirectoryWatcher (166)
[2017.12.11-00.23.51:416][850]LogModuleManager: Shutting down and abandoning module KismetCompiler (164)
[2017.12.11-00.23.51:416][850]LogModuleManager: Shutting down and abandoning module MeshUtilities (162)
[2017.12.11-00.23.51:433][850]LogModuleManager: Shutting down and abandoning module MeshMergeUtilities (161)
[2017.12.11-00.23.51:437][850]LogModuleManager: Shutting down and abandoning module MeshReductionInterface (160)
[2017.12.11-00.23.51:437][850]LogModuleManager: Shutting down and abandoning module SimplygonSwarm (159)
[2017.12.11-00.23.51:439][850]LogModuleManager: Shutting down and abandoning module SimplygonMeshReduction (157)
[2017.12.11-00.23.51:439][850]LogModuleManager: Shutting down and abandoning module QuadricMeshReduction (155)
[2017.12.11-00.23.51:439][850]LogModuleManager: Shutting down and abandoning module MaterialBaking (151)
[2017.12.11-00.23.51:443][850]LogModuleManager: Shutting down and abandoning module DerivedDataCache (148)
[2017.12.11-00.23.51:538][850]LogDerivedDataCache: Shutdown
[2017.12.11-00.23.51:538][850]LogModuleManager: Shutting down and abandoning module TargetPlatform (146)
[2017.12.11-00.23.51:538][850]LogModuleManager: Shutting down and abandoning module VulkanShaderFormat (145)
[2017.12.11-00.23.51:548][850]LogModuleManager: Shutting down and abandoning module ShaderFormatVectorVM (143)
[2017.12.11-00.23.51:552][850]LogModuleManager: Shutting down and abandoning module ShaderFormatOpenGL (141)
[2017.12.11-00.23.51:560][850]LogModuleManager: Shutting down and abandoning module ShaderFormatD3D (139)
[2017.12.11-00.23.51:561][850]LogModuleManager: Shutting down and abandoning module MetalShaderFormat (137)
[2017.12.11-00.23.51:566][850]LogModuleManager: Shutting down and abandoning module TextureFormatUncompressed (135)
[2017.12.11-00.23.51:566][850]LogModuleManager: Shutting down and abandoning module TextureFormatPVR (133)
[2017.12.11-00.23.51:566][850]LogModuleManager: Shutting down and abandoning module TextureFormatDXT (131)
[2017.12.11-00.23.51:566][850]LogModuleManager: Shutting down and abandoning module TextureFormatIntelISPCTexComp (129)
[2017.12.11-00.23.51:567][850]LogModuleManager: Shutting down and abandoning module TextureFormatASTC (127)
[2017.12.11-00.23.51:568][850]LogModuleManager: Shutting down and abandoning module ImageWrapper (126)
[2017.12.11-00.23.51:568][850]LogModuleManager: Shutting down and abandoning module TextureFormatAndroid (123)
[2017.12.11-00.23.51:568][850]LogModuleManager: Shutting down and abandoning module AudioFormatOpus (121)
[2017.12.11-00.23.51:568][850]LogModuleManager: Shutting down and abandoning module AudioFormatOgg (119)
[2017.12.11-00.23.51:568][850]LogModuleManager: Shutting down and abandoning module AudioFormatADPCM (117)
[2017.12.11-00.23.51:568][850]LogModuleManager: Shutting down and abandoning module LinuxTargetPlatform (115)
[2017.12.11-00.23.51:568][850]LogModuleManager: Shutting down and abandoning module LinuxServerTargetPlatform (113)
[2017.12.11-00.23.51:568][850]LogModuleManager: Shutting down and abandoning module LinuxNoEditorTargetPlatform (111)
[2017.12.11-00.23.51:568][850]LogModuleManager: Shutting down and abandoning module LinuxClientTargetPlatform (109)
[2017.12.11-00.23.51:569][850]LogModuleManager: Shutting down and abandoning module TVOSTargetPlatform (107)
[2017.12.11-00.23.51:569][850]LogModuleManager: Shutting down and abandoning module Messaging (105)
[2017.12.11-00.23.51:569][850]LogModuleManager: Shutting down and abandoning module IOSTargetPlatform (103)
[2017.12.11-00.23.51:569][850]LogModuleManager: Shutting down and abandoning module HTML5TargetPlatform (101)
[2017.12.11-00.23.51:569][850]LogModuleManager: Shutting down and abandoning module AndroidTargetPlatform (99)
[2017.12.11-00.23.51:569][850]LogModuleManager: Shutting down and abandoning module Android_PVRTCTargetPlatform (97)
[2017.12.11-00.23.51:569][850]LogModuleManager: Shutting down and abandoning module Android_MultiTargetPlatform (95)
[2017.12.11-00.23.51:569][850]LogModuleManager: Shutting down and abandoning module Android_ETC2TargetPlatform (93)
[2017.12.11-00.23.51:570][850]LogModuleManager: Shutting down and abandoning module Android_ETC1TargetPlatform (91)
[2017.12.11-00.23.51:570][850]LogModuleManager: Shutting down and abandoning module Android_DXTTargetPlatform (89)
[2017.12.11-00.23.51:570][850]LogModuleManager: Shutting down and abandoning module Android_ATCTargetPlatform (87)
[2017.12.11-00.23.51:570][850]LogModuleManager: Shutting down and abandoning module Android_ASTCTargetPlatform (85)
[2017.12.11-00.23.51:570][850]LogModuleManager: Shutting down and abandoning module WindowsTargetPlatform (83)
[2017.12.11-00.23.51:570][850]LogModuleManager: Shutting down and abandoning module WindowsServerTargetPlatform (81)
[2017.12.11-00.23.51:570][850]LogModuleManager: Shutting down and abandoning module WindowsNoEditorTargetPlatform (79)
[2017.12.11-00.23.51:570][850]LogModuleManager: Shutting down and abandoning module WindowsClientTargetPlatform (77)
[2017.12.11-00.23.51:570][850]LogModuleManager: Shutting down and abandoning module MacTargetPlatform (75)
[2017.12.11-00.23.51:570][850]LogModuleManager: Shutting down and abandoning module MacServerTargetPlatform (73)
[2017.12.11-00.23.51:571][850]LogModuleManager: Shutting down and abandoning module MacNoEditorTargetPlatform (71)
[2017.12.11-00.23.51:571][850]LogModuleManager: Shutting down and abandoning module MacClientTargetPlatform (69)
[2017.12.11-00.23.51:571][850]LogModuleManager: Shutting down and abandoning module AllDesktopTargetPlatform (67)
[2017.12.11-00.23.51:571][850]LogModuleManager: Shutting down and abandoning module InputCore (64)
[2017.12.11-00.23.51:571][850]LogModuleManager: Shutting down and abandoning module Settings (62)
[2017.12.11-00.23.51:571][850]LogModuleManager: Shutting down and abandoning module PhysXCooking (60)
[2017.12.11-00.23.51:571][850]LogModuleManager: Shutting down and abandoning module SteamVR (58)
[2017.12.11-00.23.51:571][850]LogModuleManager: Shutting down and abandoning module OculusHMD (56)
[2017.12.11-00.23.51:579][850]LogModuleManager: Shutting down and abandoning module ExampleDeviceProfileSelector (54)
[2017.12.11-00.23.51:579][850]LogModuleManager: Shutting down and abandoning module AppleARKit (52)
[2017.12.11-00.23.51:579][850]LogModuleManager: Shutting down and abandoning module AugmentedReality (51)
[2017.12.11-00.23.51:579][850]LogModuleManager: Shutting down and abandoning module OnlineBlueprintSupport (48)
[2017.12.11-00.23.51:579][850]LogModuleManager: Shutting down and abandoning module OnlineSubsystem (44)
[2017.12.11-00.23.51:598][850]LogModuleManager: Shutting down and abandoning module XMPP (43)
[2017.12.11-00.23.51:606][850]LogModuleManager: Shutting down and abandoning module HTTP (41)
[2017.12.11-00.23.51:607][850]LogHttp: Display: Http module shutting down, but needs to wait on 1 outstanding Http requests:
[2017.12.11-00.23.51:616][850]LogHttp: Display: 	verb=[POST] url=[https://datarouter.ol.epicgames.com/datarouter/api/v1/public/data?SessionID=%7B73D2D156-4643-DDF9-E46B-C89F859699EB%7D&AppID=UEEditor.Rocket.Release&AppVersion=4.18.1-3754814%2B%2B%2BUE4%2BRelease-4.18&UserID=8746781840ea45ba356972b1316721db%7C3fa9b237e6a84c77b2b216eeda557e6b%7Cb0b45f3d-f5f5-4b70-8625-a00d4644bca3&AppEnvironment=datacollector-binary&UploadType=eteventstream] status=Processing
[2017.12.11-00.23.51:629][850]LogModuleManager: Shutting down and abandoning module SSL (40)
[2017.12.11-00.23.51:642][850]LogModuleManager: Shutting down and abandoning module AnimationModifiers (36)
[2017.12.11-00.23.51:649][850]LogModuleManager: Shutting down and abandoning module PropertyEditor (35)
[2017.12.11-00.23.51:650][850]LogModuleManager: Shutting down and abandoning module AudioEditor (32)
[2017.12.11-00.23.51:661][850]LogModuleManager: Shutting down and abandoning module TextureCompressor (30)
[2017.12.11-00.23.51:694][850]LogModuleManager: Shutting down and abandoning module ShaderCore (28)
[2017.12.11-00.23.51:694][850]LogModuleManager: Shutting down and abandoning module Landscape (26)
[2017.12.11-00.23.51:695][850]LogModuleManager: Shutting down and abandoning module SlateRHIRenderer (24)
[2017.12.11-00.23.51:720][850]LogModuleManager: Shutting down and abandoning module OpenGLDrv (22)
[2017.12.11-00.23.51:740][850]LogModuleManager: Shutting down and abandoning module D3D11RHI (20)
[2017.12.11-00.23.51:740][850]LogModuleManager: Shutting down and abandoning module AnimGraphRuntime (18)
[2017.12.11-00.23.51:759][850]LogModuleManager: Shutting down and abandoning module Renderer (16)
[2017.12.11-00.23.51:760][850]LogModuleManager: Shutting down and abandoning module Engine (14)
[2017.12.11-00.23.51:760][850]LogModuleManager: Shutting down and abandoning module CoreUObject (12)
[2017.12.11-00.23.51:760][850]LogModuleManager: Shutting down and abandoning module NetworkFile (10)
[2017.12.11-00.23.51:760][850]LogModuleManager: Shutting down and abandoning module CookedIterativeFile (8)
[2017.12.11-00.23.51:760][850]LogModuleManager: Shutting down and abandoning module StreamingFile (6)
[2017.12.11-00.23.51:760][850]LogModuleManager: Shutting down and abandoning module SandboxFile (4)
[2017.12.11-00.23.51:760][850]LogModuleManager: Shutting down and abandoning module PakFile (2)
[2017.12.11-00.23.51:789][850]LogExit: Exiting.
[2017.12.11-00.23.51:811][850]Log file closed, 12/10/17 19:23:51
