Log file open, 12/10/17 21:13:04
LogWindows: Failed to load 'aqProf.dll' (GetLastError=126)
LogWindows: File 'aqProf.dll' does not exist
LogWindows: Failed to load 'VtuneApi.dll' (GetLastError=126)
LogWindows: File 'VtuneApi.dll' does not exist
LogWindows: Failed to load 'VtuneApi32e.dll' (GetLastError=126)
LogWindows: File 'VtuneApi32e.dll' does not exist
LogInit: Display: Running engine for game: Bomberman
LogPlatformFile: Not using cached read wrapper
LogInit: Display: RandInit(1586077832) SRandInit(1586077832).
LogInit: Read version file with build ID '3709383'
LogInit: Overriding engine version to CL 3754814, compatible CL 3709383
LogInit: Registered custom module enumerator with build ID '3709383'
LogTaskGraph: Started task graph with 5 named threads and 11 total threads with 3 sets of task threads.
LogStats: Stats thread started at 0.303814
LogD3D11RHI: Aftermath initialized
LogPluginManager: Mounting plugin Paper2D
LogPluginManager: Mounting plugin LightPropagationVolume
LogPluginManager: Mounting plugin CodeLiteSourceCodeAccess
LogPluginManager: Mounting plugin GitSourceControl
LogPluginManager: Mounting plugin KDevelopSourceCodeAccess
LogPluginManager: Mounting plugin NullSourceCodeAccess
LogPluginManager: Mounting plugin PerforceSourceControl
LogPluginManager: Mounting plugin SubversionSourceControl
LogPluginManager: Mounting plugin UObjectPlugin
LogPluginManager: Mounting plugin VisualStudioCodeSourceCodeAccess
LogPluginManager: Mounting plugin VisualStudioSourceCodeAccess
LogPluginManager: Mounting plugin XCodeSourceCodeAccess
LogPluginManager: Mounting plugin AssetManagerEditor
LogPluginManager: Mounting plugin AudioCapture
LogPluginManager: Mounting plugin FacialAnimation
LogPluginManager: Mounting plugin GameplayTagsEditor
LogPluginManager: Mounting plugin MobileLauncherProfileWizard
LogPluginManager: Mounting plugin PluginBrowser
LogPluginManager: Mounting plugin SpeedTreeImporter
LogPluginManager: Mounting plugin AlembicImporter
LogPluginManager: Mounting plugin CharacterAI
LogPluginManager: Mounting plugin HTML5Networking
LogPluginManager: Mounting plugin AndroidMedia
LogPluginManager: Mounting plugin AvfMedia
LogPluginManager: Mounting plugin ImgMedia
LogPluginManager: Mounting plugin MediaCompositing
LogPluginManager: Mounting plugin MediaPlayerEditor
LogPluginManager: Mounting plugin WmfMedia
LogPluginManager: Mounting plugin TcpMessaging
LogPluginManager: Mounting plugin UdpMessaging
LogPluginManager: Mounting plugin ActorSequence
LogPluginManager: Mounting plugin LevelSequenceEditor
LogPluginManager: Mounting plugin MatineeToLevelSequence
LogPluginManager: Mounting plugin OnlineSubsystemGooglePlay
LogPluginManager: Mounting plugin OnlineSubsystemIOS
LogPluginManager: Mounting plugin OnlineSubsystem
LogPluginManager: Mounting plugin OnlineSubsystemNull
LogPluginManager: Mounting plugin OnlineSubsystemUtils
LogPluginManager: Mounting plugin AndroidDeviceProfileSelector
LogPluginManager: Mounting plugin AndroidMoviePlayer
LogPluginManager: Mounting plugin AndroidPermission
LogPluginManager: Mounting plugin AppleARKit
LogPluginManager: Mounting plugin AppleMoviePlayer
LogPluginManager: Mounting plugin ArchVisCharacter
LogPluginManager: Mounting plugin CableComponent
LogPluginManager: Mounting plugin CustomMeshComponent
LogPluginManager: Mounting plugin ExampleDeviceProfileSelector
LogPluginManager: Mounting plugin GoogleCloudMessaging
LogPluginManager: Mounting plugin ImmediatePhysics
LogPluginManager: Mounting plugin IOSDeviceProfileSelector
LogPluginManager: Mounting plugin LinuxDeviceProfileSelector
LogPluginManager: Mounting plugin LocationServicesBPLibrary
LogPluginManager: Mounting plugin MobilePatchingUtils
LogPluginManager: Mounting plugin OculusVR
LogPluginManager: Plugin shader directory ../../../Engine/Plugins/Runtime/Oculus/OculusVR/Shaders found
LogPluginManager: Mapping shader source directory ../../../Engine/Plugins/Runtime/Oculus/OculusVR/Shaders to virtual directory /Plugin/OculusVR
LogPluginManager: Mounting plugin PhysXVehicles
LogPluginManager: Mounting plugin ProceduralMeshComponent
LogPluginManager: Mounting plugin RuntimePhysXCooking
LogPluginManager: Mounting plugin SteamVR
LogPluginManager: Mounting plugin WindowsMoviePlayer
LogModuleManager: Display: Found up-to-date module file ../../../../../../Users/Zakkar/Documents/GitHub/IKA/Bomberman/Binaries/Win64/UE4Editor-Bomberman.dll (API version 3709383).
LogModuleManager: Display: Found up-to-date module file ../../../Engine/Plugins/2D/Paper2D/Binaries/Win64/UE4Editor-Paper2D.dll (API version 3709383).
LogModuleManager: Display: Found up-to-date module file ../../../Engine/Plugins/2D/Paper2D/Binaries/Win64/UE4Editor-Paper2DEditor.dll (API version 3709383).
LogModuleManager: Display: Found up-to-date module file ../../../Engine/Plugins/2D/Paper2D/Binaries/Win64/UE4Editor-PaperSpriteSheetImporter.dll (API version 3709383).
LogModuleManager: Display: Found up-to-date module file ../../../Engine/Plugins/2D/Paper2D/Binaries/Win64/UE4Editor-PaperTiledImporter.dll (API version 3709383).
LogModuleManager: Display: Found up-to-date module file ../../../Engine/Plugins/2D/Paper2D/Binaries/Win64/UE4Editor-SmartSnapping.dll (API version 3709383).
LogModuleManager: Display: Found up-to-date module file ../../../Engine/Plugins/Blendables/LightPropagationVolume/Binaries/Win64/UE4Editor-LightPropagationVolumeRuntime.dll (API version 3709383).
LogModuleManager: Display: Found up-to-date module file ../../../Engine/Plugins/Blendables/LightPropagationVolume/Binaries/Win64/UE4Editor-LightPropagationVolumeEditor.dll (API version 3709383).
LogModuleManager: Display: Found up-to-date module file ../../../Engine/Plugins/Developer/GitSourceControl/Binaries/Win64/UE4Editor-GitSourceControl.dll (API version 3709383).
LogModuleManager: Display: Found up-to-date module file ../../../Engine/Plugins/Developer/PerforceSourceControl/Binaries/Win64/UE4Editor-PerforceSourceControl.dll (API version 3709383).
LogModuleManager: Display: Found up-to-date module file ../../../Engine/Plugins/Developer/SubversionSourceControl/Binaries/Win64/UE4Editor-SubversionSourceControl.dll (API version 3709383).
LogModuleManager: Display: Found up-to-date module file ../../../Engine/Plugins/Developer/UObjectPlugin/Binaries/Win64/UE4Editor-UObjectPlugin.dll (API version 3709383).
LogModuleManager: Display: Found up-to-date module file ../../../Engine/Plugins/Developer/VisualStudioCodeSourceCodeAccess/Binaries/Win64/UE4Editor-VisualStudioCodeSourceCodeAccess.dll (API version 3709383).
LogModuleManager: Display: Found up-to-date module file ../../../Engine/Plugins/Developer/VisualStudioSourceCodeAccess/Binaries/Win64/UE4Editor-VisualStudioSourceCodeAccess.dll (API version 3709383).
LogModuleManager: Display: Found up-to-date module file ../../../Engine/Plugins/Editor/AssetManagerEditor/Binaries/Win64/UE4Editor-AssetManagerEditor.dll (API version 3709383).
LogModuleManager: Display: Found up-to-date module file ../../../Engine/Plugins/Editor/AudioCapture/Binaries/Win64/UE4Editor-AudioCapture.dll (API version 3709383).
LogModuleManager: Display: Found up-to-date module file ../../../Engine/Plugins/Editor/FacialAnimation/Binaries/Win64/UE4Editor-FacialAnimation.dll (API version 3709383).
LogModuleManager: Display: Found up-to-date module file ../../../Engine/Plugins/Editor/FacialAnimation/Binaries/Win64/UE4Editor-FacialAnimationEditor.dll (API version 3709383).
LogModuleManager: Display: Found up-to-date module file ../../../Engine/Plugins/Editor/GameplayTagsEditor/Binaries/Win64/UE4Editor-GameplayTagsEditor.dll (API version 3709383).
LogModuleManager: Display: Found up-to-date module file ../../../Engine/Plugins/Editor/MobileLauncherProfileWizard/Binaries/Win64/UE4Editor-MobileLauncherProfileWizard.dll (API version 3709383).
LogModuleManager: Display: Found up-to-date module file ../../../Engine/Plugins/Editor/PluginBrowser/Binaries/Win64/UE4Editor-PluginBrowser.dll (API version 3709383).
LogModuleManager: Display: Found up-to-date module file ../../../Engine/Plugins/Editor/SpeedTreeImporter/Binaries/Win64/UE4Editor-SpeedTreeImporter.dll (API version 3709383).
LogModuleManager: Display: Found up-to-date module file ../../../Engine/Plugins/Experimental/AlembicImporter/Binaries/Win64/UE4Editor-AlembicImporter.dll (API version 3709383).
LogModuleManager: Display: Found up-to-date module file ../../../Engine/Plugins/Experimental/AlembicImporter/Binaries/Win64/UE4Editor-AlembicLibrary.dll (API version 3709383).
LogModuleManager: Display: Found up-to-date module file ../../../Engine/Plugins/Experimental/CharacterAI/Binaries/Win64/UE4Editor-CharacterAI.dll (API version 3709383).
LogModuleManager: Display: Found up-to-date module file ../../../Engine/Plugins/Experimental/HTML5Networking/Binaries/Win64/UE4Editor-HTML5Networking.dll (API version 3709383).
LogModuleManager: Display: Found up-to-date module file ../../../Engine/Plugins/Media/AndroidMedia/Binaries/Win64/UE4Editor-AndroidMediaEditor.dll (API version 3709383).
LogModuleManager: Display: Found up-to-date module file ../../../Engine/Plugins/Media/AndroidMedia/Binaries/Win64/UE4Editor-AndroidMediaFactory.dll (API version 3709383).
LogModuleManager: Display: Found up-to-date module file ../../../Engine/Plugins/Media/AvfMedia/Binaries/Win64/UE4Editor-AvfMediaEditor.dll (API version 3709383).
LogModuleManager: Display: Found up-to-date module file ../../../Engine/Plugins/Media/AvfMedia/Binaries/Win64/UE4Editor-AvfMediaFactory.dll (API version 3709383).
LogModuleManager: Display: Found up-to-date module file ../../../Engine/Plugins/Media/AvfMedia/Binaries/Win64/UE4Editor-AvfMediaFactory.dll (API version 3709383).
LogModuleManager: Display: Found up-to-date module file ../../../Engine/Plugins/Media/ImgMedia/Binaries/Win64/UE4Editor-ImgMedia.dll (API version 3709383).
LogModuleManager: Display: Found up-to-date module file ../../../Engine/Plugins/Media/ImgMedia/Binaries/Win64/UE4Editor-ImgMediaEditor.dll (API version 3709383).
LogModuleManager: Display: Found up-to-date module file ../../../Engine/Plugins/Media/ImgMedia/Binaries/Win64/UE4Editor-ImgMediaFactory.dll (API version 3709383).
LogModuleManager: Display: Found up-to-date module file ../../../Engine/Plugins/Media/ImgMedia/Binaries/Win64/UE4Editor-ImgMediaFactory.dll (API version 3709383).
LogModuleManager: Display: Found up-to-date module file ../../../Engine/Plugins/Media/ImgMedia/Binaries/Win64/UE4Editor-OpenExrWrapper.dll (API version 3709383).
LogModuleManager: Display: Found up-to-date module file ../../../Engine/Plugins/Media/MediaCompositing/Binaries/Win64/UE4Editor-MediaCompositing.dll (API version 3709383).
LogModuleManager: Display: Found up-to-date module file ../../../Engine/Plugins/Media/MediaCompositing/Binaries/Win64/UE4Editor-MediaCompositingEditor.dll (API version 3709383).
LogModuleManager: Display: Found up-to-date module file ../../../Engine/Plugins/Media/MediaPlayerEditor/Binaries/Win64/UE4Editor-MediaPlayerEditor.dll (API version 3709383).
LogModuleManager: Display: Found up-to-date module file ../../../Engine/Plugins/Media/WmfMedia/Binaries/Win64/UE4Editor-WmfMedia.dll (API version 3709383).
LogModuleManager: Display: Found up-to-date module file ../../../Engine/Plugins/Media/WmfMedia/Binaries/Win64/UE4Editor-WmfMediaEditor.dll (API version 3709383).
LogModuleManager: Display: Found up-to-date module file ../../../Engine/Plugins/Media/WmfMedia/Binaries/Win64/UE4Editor-WmfMediaFactory.dll (API version 3709383).
LogModuleManager: Display: Found up-to-date module file ../../../Engine/Plugins/Media/WmfMedia/Binaries/Win64/UE4Editor-WmfMediaFactory.dll (API version 3709383).
LogModuleManager: Display: Found up-to-date module file ../../../Engine/Plugins/Messaging/TcpMessaging/Binaries/Win64/UE4Editor-TcpMessaging.dll (API version 3709383).
LogModuleManager: Display: Found up-to-date module file ../../../Engine/Plugins/Messaging/UdpMessaging/Binaries/Win64/UE4Editor-UdpMessaging.dll (API version 3709383).
LogModuleManager: Display: Found up-to-date module file ../../../Engine/Plugins/MovieScene/ActorSequence/Binaries/Win64/UE4Editor-ActorSequence.dll (API version 3709383).
LogModuleManager: Display: Found up-to-date module file ../../../Engine/Plugins/MovieScene/LevelSequenceEditor/Binaries/Win64/UE4Editor-LevelSequenceEditor.dll (API version 3709383).
LogModuleManager: Display: Found up-to-date module file ../../../Engine/Plugins/MovieScene/MatineeToLevelSequence/Binaries/Win64/UE4Editor-MatineeToLevelSequence.dll (API version 3709383).
LogModuleManager: Display: Found up-to-date module file ../../../Engine/Plugins/Online/OnlineSubsystem/Binaries/Win64/UE4Editor-OnlineSubsystem.dll (API version 3709383).
LogModuleManager: Display: Found up-to-date module file ../../../Engine/Plugins/Online/OnlineSubsystemNull/Binaries/Win64/UE4Editor-OnlineSubsystemNull.dll (API version 3709383).
LogModuleManager: Display: Found up-to-date module file ../../../Engine/Plugins/Online/OnlineSubsystemUtils/Binaries/Win64/UE4Editor-OnlineSubsystemUtils.dll (API version 3709383).
LogModuleManager: Display: Found up-to-date module file ../../../Engine/Plugins/Online/OnlineSubsystemUtils/Binaries/Win64/UE4Editor-OnlineBlueprintSupport.dll (API version 3709383).
LogModuleManager: Display: Found up-to-date module file ../../../Engine/Plugins/Runtime/AndroidDeviceProfileSelector/Binaries/Win64/UE4Editor-AndroidDeviceProfileSelector.dll (API version 3709383).
LogModuleManager: Display: Found up-to-date module file ../../../Engine/Plugins/Runtime/AndroidPermission/Binaries/Win64/UE4Editor-AndroidPermission.dll (API version 3709383).
LogModuleManager: Display: Found up-to-date module file ../../../Engine/Plugins/Runtime/AppleARKit/Binaries/Win64/UE4Editor-AppleARKit.dll (API version 3709383).
LogModuleManager: Display: Found up-to-date module file ../../../Engine/Plugins/Runtime/ArchVisCharacter/Binaries/Win64/UE4Editor-ArchVisCharacter.dll (API version 3709383).
LogModuleManager: Display: Found up-to-date module file ../../../Engine/Plugins/Runtime/CableComponent/Binaries/Win64/UE4Editor-CableComponent.dll (API version 3709383).
LogModuleManager: Display: Found up-to-date module file ../../../Engine/Plugins/Runtime/CustomMeshComponent/Binaries/Win64/UE4Editor-CustomMeshComponent.dll (API version 3709383).
LogModuleManager: Display: Found up-to-date module file ../../../Engine/Plugins/Runtime/ExampleDeviceProfileSelector/Binaries/Win64/UE4Editor-ExampleDeviceProfileSelector.dll (API version 3709383).
LogModuleManager: Display: Found up-to-date module file ../../../Engine/Plugins/Runtime/ImmediatePhysics/Binaries/Win64/UE4Editor-ImmediatePhysics.dll (API version 3709383).
LogModuleManager: Display: Found up-to-date module file ../../../Engine/Plugins/Runtime/ImmediatePhysics/Binaries/Win64/UE4Editor-ImmediatePhysicsEditor.dll (API version 3709383).
LogModuleManager: Display: Found up-to-date module file ../../../Engine/Plugins/Runtime/LocationServicesBPLibrary/Binaries/Win64/UE4Editor-LocationServicesBPLibrary.dll (API version 3709383).
LogModuleManager: Display: Found up-to-date module file ../../../Engine/Plugins/Runtime/MobilePatchingUtils/Binaries/Win64/UE4Editor-MobilePatchingUtils.dll (API version 3709383).
LogModuleManager: Display: Found up-to-date module file ../../../Engine/Plugins/Runtime/Oculus/OculusVR/Binaries/Win64/UE4Editor-OculusHMD.dll (API version 3709383).
LogModuleManager: Display: Found up-to-date module file ../../../Engine/Plugins/Runtime/Oculus/OculusVR/Binaries/Win64/UE4Editor-OculusInput.dll (API version 3709383).
LogModuleManager: Display: Found up-to-date module file ../../../Engine/Plugins/Runtime/Oculus/OculusVR/Binaries/Win64/UE4Editor-OculusEditor.dll (API version 3709383).
LogModuleManager: Display: Found up-to-date module file ../../../Engine/Plugins/Runtime/PhysXVehicles/Binaries/Win64/UE4Editor-PhysXVehicles.dll (API version 3709383).
LogModuleManager: Display: Found up-to-date module file ../../../Engine/Plugins/Runtime/PhysXVehicles/Binaries/Win64/UE4Editor-PhysXVehiclesEditor.dll (API version 3709383).
LogModuleManager: Display: Found up-to-date module file ../../../Engine/Plugins/Runtime/ProceduralMeshComponent/Binaries/Win64/UE4Editor-ProceduralMeshComponent.dll (API version 3709383).
LogModuleManager: Display: Found up-to-date module file ../../../Engine/Plugins/Runtime/ProceduralMeshComponent/Binaries/Win64/UE4Editor-ProceduralMeshComponentEditor.dll (API version 3709383).
LogModuleManager: Display: Found up-to-date module file ../../../Engine/Plugins/Runtime/RuntimePhysXCooking/Binaries/Win64/UE4Editor-RuntimePhysXCooking.dll (API version 3709383).
LogModuleManager: Display: Found up-to-date module file ../../../Engine/Plugins/Runtime/Steam/SteamVR/Binaries/Win64/UE4Editor-SteamVR.dll (API version 3709383).
LogModuleManager: Display: Found up-to-date module file ../../../Engine/Plugins/Runtime/Steam/SteamVR/Binaries/Win64/UE4Editor-SteamVRController.dll (API version 3709383).
LogModuleManager: Display: Found up-to-date module file ../../../Engine/Plugins/Runtime/WindowsMoviePlayer/Binaries/Win64/UE4Editor-WindowsMoviePlayer.dll (API version 3709383).
LogInit: Using libcurl 7.47.1
LogInit:  - built for x86_64-pc-win32
LogInit:  - supports SSL with OpenSSL/1.0.2g
LogInit:  - supports HTTP deflate (compression) using libz 1.2.8
LogInit:  - other features:
LogInit:      CURL_VERSION_SSL
LogInit:      CURL_VERSION_LIBZ
LogInit:      CURL_VERSION_IPV6
LogInit:      CURL_VERSION_ASYNCHDNS
LogInit:      CURL_VERSION_LARGEFILE
LogInit:      CURL_VERSION_IDN
LogInit:  CurlRequestOptions (configurable via config and command line):
LogInit:  - bVerifyPeer = false  - Libcurl will NOT verify peer certificate
LogInit:  - bUseHttpProxy = false  - Libcurl will NOT use HTTP proxy
LogInit:  - bDontReuseConnections = false  - Libcurl will reuse connections
LogInit:  - CertBundlePath = nullptr  - Libcurl will use whatever was configured at build time.
LogInit: Build: ++UE4+Release-4.18-CL-3754814
LogInit: Engine Version: 4.18.1-3754814+++UE4+Release-4.18
LogInit: Compatible Engine Version: 4.18.0-3709383+++UE4+Release-4.18
LogInit: Net CL: 3709383
LogDevObjectVersion: Number of dev versions registered: 16
LogDevObjectVersion:   Dev-Blueprints (B0D832E4-1F89-4F0D-ACCF-7EB736FD4AA2): 10
LogDevObjectVersion:   Dev-Build (E1C64328-A22C-4D53-A36C-8E866417BD8C): 0
LogDevObjectVersion:   Dev-Core (375EC13C-06E4-48FB-B500-84F0262A717E): 2
LogDevObjectVersion:   Dev-Editor (E4B068ED-F494-42E9-A231-DA0B2E46BB41): 20
LogDevObjectVersion:   Dev-Framework (CFFC743F-43B0-4480-9391-14DF171D2073): 30
LogDevObjectVersion:   Dev-Mobile (B02B49B5-BB20-44E9-A304-32B752E40360): 0
LogDevObjectVersion:   Dev-Networking (A4E4105C-59A1-49B5-A7C5-40C4547EDFEE): 0
LogDevObjectVersion:   Dev-Online (39C831C9-5AE6-47DC-9A44-9C173E1C8E7C): 0
LogDevObjectVersion:   Dev-Physics (78F01B33-EBEA-4F98-B9B4-84EACCB95AA2): 0
LogDevObjectVersion:   Dev-Platform (6631380F-2D4D-43E0-8009-CF276956A95A): 0
LogDevObjectVersion:   Dev-Rendering (12F88B9F-8875-4AFC-A67C-D90C383ABD29): 20
LogDevObjectVersion:   Dev-Sequencer (7B5AE74C-D270-4C10-A958-57980B212A5A): 4
LogDevObjectVersion:   Dev-VR (D7296918-1DD6-4BDD-9DE2-64A83CC13884): 0
LogDevObjectVersion:   Dev-LoadTimes (C2A15278-BFE7-4AFE-6C17-90FF531DF755): 1
LogDevObjectVersion:   Private-Geometry (6EACA3D4-40EC-4CC1-B786-8BED09428FC5): 1
LogDevObjectVersion:   Dev-AnimPhys (29E575DD-E0A3-4627-9D10-D276232CDCEA): 12
LogInit: Compiled (64-bit): Nov 14 2017 02:05:55
LogInit: Compiled with Visual C++: 19.00.24215.01
LogInit: Build Configuration: Development
LogInit: Branch Name: ++UE4+Release-4.18
LogInit: Command line:  -skipcompile
LogInit: Base directory: C:/Program Files/Epic Games/UE_4.18/Engine/Binaries/Win64/
LogInit: Installed Engine Build: 1
LogInit: Presizing for max 8388607 objects, including 0 objects not considered by GC, pre-allocating 0 bytes for permanent pool.
LogInit: Object subsystem initialized
[2017.12.11-02.13.09:457][  0]LogInit: Selected Device Profile: [Windows]
[2017.12.11-02.13.09:457][  0]LogInit: Applying CVar settings loaded from the selected device profile: [Windows]
[2017.12.11-02.13.09:547][  0]LogInit: Computer: DESKTOP-PNP9N2U
[2017.12.11-02.13.09:547][  0]LogInit: User: Zakkar
[2017.12.11-02.13.09:547][  0]LogInit: CPU Page size=4096, Cores=3
[2017.12.11-02.13.09:549][  0]LogInit: High frequency timer resolution =3.433872 MHz
[2017.12.11-02.13.09:550][  0]LogMemory: Memory total: Physical=8.0GB (8GB approx)
[2017.12.11-02.13.09:550][  0]LogMemory: Platform Memory Stats for Windows
[2017.12.11-02.13.09:550][  0]LogMemory: Process Physical Memory: 272.23 MB used, 272.23 MB peak
[2017.12.11-02.13.09:550][  0]LogMemory: Process Virtual Memory: 263.51 MB used, 263.51 MB peak
[2017.12.11-02.13.09:551][  0]LogMemory: Physical Memory: 5903.69 MB used,  2254.98 MB free, 8158.66 MB total
[2017.12.11-02.13.09:551][  0]LogMemory: Virtual Memory: 636.50 MB used,  2254.98 MB free, 134217728.00 MB total
[2017.12.11-02.13.10:153][  0]LogInit: Using OS detected language (en-US).
[2017.12.11-02.13.10:153][  0]LogInit: Using OS detected locale (fr-FR).
[2017.12.11-02.13.10:336][  0]LogTextLocalizationManager: No specific localization for 'en-US' exists, so the 'en' localization will be used.
[2017.12.11-02.13.10:337][  0]LogTextLocalizationManager: No localization for 'fr-FR' exists, so 'en-US' will be used for the locale.
[2017.12.11-02.13.11:199][  0]LogInit: Setting process to per monitor DPI aware
[2017.12.11-02.13.16:248][  0]LogD3D11RHI: D3D11 adapters:
[2017.12.11-02.13.16:487][  0]LogD3D11RHI:    0. 'NVIDIA GeForce GTX 960' (Feature Level 11_0)
[2017.12.11-02.13.16:487][  0]LogD3D11RHI:       2016/0/4079 MB DedicatedVideo/DedicatedSystem/SharedSystem, Outputs:1, VendorId:0x10de
[2017.12.11-02.13.16:533][  0]LogD3D11RHI:    1. 'Microsoft Basic Render Driver' (Feature Level 11_0)
[2017.12.11-02.13.16:533][  0]LogD3D11RHI:       0/0/4079 MB DedicatedVideo/DedicatedSystem/SharedSystem, Outputs:0, VendorId:0x1414
[2017.12.11-02.13.16:534][  0]LogD3D11RHI: Chosen D3D11 Adapter: 0
[2017.12.11-02.13.16:550][  0]LogD3D11RHI: Creating new Direct3DDevice
[2017.12.11-02.13.16:551][  0]LogD3D11RHI:     GPU DeviceId: 0x1401 (for the marketing name, search the web for "GPU Device Id")
[2017.12.11-02.13.16:551][  0]LogWindows: EnumDisplayDevices:
[2017.12.11-02.13.16:551][  0]LogWindows:    0. 'NVIDIA GeForce GTX 960' (P:1 D:1)
[2017.12.11-02.13.16:552][  0]LogWindows:    1. 'NVIDIA GeForce GTX 960' (P:0 D:0)
[2017.12.11-02.13.16:552][  0]LogWindows:    2. 'NVIDIA GeForce GTX 960' (P:0 D:0)
[2017.12.11-02.13.16:552][  0]LogWindows:    3. 'NVIDIA GeForce GTX 960' (P:0 D:0)
[2017.12.11-02.13.16:553][  0]LogWindows: DebugString: FoundDriverCount:4 
[2017.12.11-02.13.16:553][  0]LogD3D11RHI:     Adapter Name: NVIDIA GeForce GTX 960
[2017.12.11-02.13.16:553][  0]LogD3D11RHI:   Driver Version: 388.13 (internal:23.21.13.8813, unified:388.13)
[2017.12.11-02.13.16:553][  0]LogD3D11RHI:      Driver Date: 10-27-2017
[2017.12.11-02.13.16:553][  0]LogRHI: Texture pool is 1411 MB (70% of 2016 MB)
[2017.12.11-02.13.16:610][  0]LogD3D11RHI: Async texture creation enabled
[2017.12.11-02.13.16:625][  0]LogD3D11RHI: GPU Timing Frequency: 1000.000000 (Debug: 2 1)
[2017.12.11-02.13.16:676][  0]LogShaderCompilers: Guid format shader working directory is -15 characters bigger than the processId version (../../../../../../Users/Zakkar/Documents/GitHub/IKA/Bomberman/Intermediate/Shaders/WorkingDirectory/16120/).
[2017.12.11-02.13.16:676][  0]LogShaderCompilers: Cleaned the shader compiler working directory 'C:/Users/Zakkar/AppData/Local/Temp/UnrealShaderWorkingDir/A6990B4C47AC5FB2378F4D95546C6283/'.
[2017.12.11-02.13.16:676][  0]LogShaderCompilers: Display: Using Local Shader Compiler.
[2017.12.11-02.13.20:753][  0]LogTemp: Display: Loaded TP AllDesktopTargetPlatform
[2017.12.11-02.13.20:866][  0]LogTemp: Display: Loaded TP MacClientTargetPlatform
[2017.12.11-02.13.20:980][  0]LogTemp: Display: Loaded TP MacNoEditorTargetPlatform
[2017.12.11-02.13.21:082][  0]LogTemp: Display: Loaded TP MacServerTargetPlatform
[2017.12.11-02.13.21:211][  0]LogTemp: Display: Loaded TP MacTargetPlatform
[2017.12.11-02.13.21:346][  0]LogTemp: Display: Loaded TP WindowsClientTargetPlatform
[2017.12.11-02.13.21:475][  0]LogTemp: Display: Loaded TP WindowsNoEditorTargetPlatform
[2017.12.11-02.13.21:602][  0]LogTemp: Display: Loaded TP WindowsServerTargetPlatform
[2017.12.11-02.13.21:705][  0]LogTemp: Display: Loaded TP WindowsTargetPlatform
[2017.12.11-02.13.21:816][  0]LogTemp: Display: Loaded TP Android_ASTCTargetPlatform
[2017.12.11-02.13.21:927][  0]LogTemp: Display: Loaded TP Android_ATCTargetPlatform
[2017.12.11-02.13.22:050][  0]LogTemp: Display: Loaded TP Android_DXTTargetPlatform
[2017.12.11-02.13.22:160][  0]LogTemp: Display: Loaded TP Android_ETC1TargetPlatform
[2017.12.11-02.13.22:272][  0]LogTemp: Display: Loaded TP Android_ETC2TargetPlatform
[2017.12.11-02.13.22:493][  0]LogTemp: Display: Loaded TP Android_MultiTargetPlatform
[2017.12.11-02.13.22:494][  0]LogTemp: Display: Loaded TP Android_PVRTCTargetPlatform
[2017.12.11-02.13.22:621][  0]LogTemp: Display: Loaded TP AndroidTargetPlatform
[2017.12.11-02.13.22:713][  0]LogTemp: Display: Loaded TP HTML5TargetPlatform
[2017.12.11-02.13.22:959][  0]LogTemp: Display: Loaded TP IOSTargetPlatform
[2017.12.11-02.13.23:028][  0]LogTemp: Display: Loaded TP TVOSTargetPlatform
[2017.12.11-02.13.23:138][  0]LogTemp: Display: Loaded TP LinuxClientTargetPlatform
[2017.12.11-02.13.23:251][  0]LogTemp: Display: Loaded TP LinuxNoEditorTargetPlatform
[2017.12.11-02.13.23:376][  0]LogTemp: Display: Loaded TP LinuxServerTargetPlatform
[2017.12.11-02.13.23:514][  0]LogTemp: Display: Loaded TP LinuxTargetPlatform
[2017.12.11-02.13.23:514][  0]LogTargetPlatformManager: Display: Building Assets For Windows
[2017.12.11-02.13.24:995][  0]LogDerivedDataCache: Display: Max Cache Size: 512 MB
[2017.12.11-02.13.25:540][  0]LogDerivedDataCache: Loaded boot cache 0.54s 79MB C:/Users/Zakkar/AppData/Local/UnrealEngine/4.18/DerivedDataCache/Boot.ddc.
[2017.12.11-02.13.25:540][  0]LogDerivedDataCache: Display: Loaded Boot cache: C:/Users/Zakkar/AppData/Local/UnrealEngine/4.18/DerivedDataCache/Boot.ddc
[2017.12.11-02.13.25:541][  0]LogDerivedDataCache: FDerivedDataBackendGraph:  Pak pak cache file ../../../../../../Users/Zakkar/Documents/GitHub/IKA/Bomberman/DerivedDataCache/DDC.ddp not found, will not use a pak cache.
[2017.12.11-02.13.25:541][  0]LogDerivedDataCache: Unable to find inner node Pak for hierarchical cache Hierarchy.
[2017.12.11-02.13.25:541][  0]LogDerivedDataCache: FDerivedDataBackendGraph:  CompressedPak pak cache file ../../../../../../Users/Zakkar/Documents/GitHub/IKA/Bomberman/DerivedDataCache/Compressed.ddp not found, will not use a pak cache.
[2017.12.11-02.13.25:541][  0]LogDerivedDataCache: Unable to find inner node CompressedPak for hierarchical cache Hierarchy.
[2017.12.11-02.13.25:576][  0]LogDerivedDataCache: Display: Pak cache opened for reading ../../../Engine/DerivedDataCache/Compressed.ddp.
[2017.12.11-02.13.25:592][  0]LogDerivedDataCache: Using Local data cache path C:/Users/Zakkar/AppData/Local/UnrealEngine/Common/DerivedDataCache: Writable
[2017.12.11-02.13.25:619][  0]LogMaterial: Verifying Global Shaders for PCD3D_SM5
[2017.12.11-02.13.25:620][  0]LogSlate: Using Freetype 2.6.0
[2017.12.11-02.13.25:691][  0]LogSlate: SlateFontCache - WITH_FREETYPE: 1, WITH_HARFBUZZ: 1
[2017.12.11-02.13.25:692][  0]LogSlate: SlateFontCache - WITH_FREETYPE: 1, WITH_HARFBUZZ: 1
[2017.12.11-02.13.28:859][  0]LogInit: Selected Device Profile: [Windows]
[2017.12.11-02.13.29:697][  0]LogSimplygon: Simplygon DLL not present - disabling.
[2017.12.11-02.13.29:823][  0]LogMeshReduction: Using SimplygonSwarm for distributed automatic mesh merging
[2017.12.11-02.13.29:823][  0]LogMeshReduction: Using QuadricMeshReduction for automatic static mesh reduction
[2017.12.11-02.13.29:823][  0]LogMeshReduction: No automatic skeletal mesh reduction module available
[2017.12.11-02.13.29:823][  0]LogMeshReduction: No automatic mesh merging module available
[2017.12.11-02.13.29:823][  0]LogMeshMerging: No automatic mesh merging module available
[2017.12.11-02.13.29:884][  0]LogNetVersion: Bomberman , NetCL: 3709383, EngineNetVer: 2, GameNetVer: 0 (Checksum: 2909264662)
[2017.12.11-02.13.30:203][  0]LogAssetRegistry: FAssetRegistry took 0.0352 seconds to start up
[2017.12.11-02.13.31:259][  0]LogPackageLocalizationCache: Processed 7 localized package path(s) for 2 prioritized culture(s) in 0.189556 seconds
[2017.12.11-02.13.31:269][  0]LogUObjectArray: 35900 objects as part of root set at end of initial load.
[2017.12.11-02.13.31:269][  0]LogUObjectAllocator: 7372024 out of 0 bytes used by permanent object pool.
[2017.12.11-02.13.31:269][  0]LogUObjectArray: CloseDisregardForGC: 0/0 objects in disregard for GC pool
[2017.12.11-02.13.31:466][  0]LogInit: WinSock: version 1.1 (2.2), MaxSocks=32767, MaxUdp=65467
[2017.12.11-02.13.52:515][  0]LogTcpMessaging: Initializing TcpMessaging bridge
[2017.12.11-02.13.52:606][  0]LogUdpMessaging: Initializing bridge on interface 0.0.0.0:0 to multicast group 230.0.0.1:6666.
[2017.12.11-02.13.54:967][  0]LogMaterial: Uniform references updated for custom material expression Custom.
[2017.12.11-02.13.56:130][  0]SourceControl: Source control is disabled
[2017.12.11-02.13.56:130][  0]SourceControl: Source control is disabled
[2017.12.11-02.13.56:293][  0]SourceControl: Source control is disabled
[2017.12.11-02.13.56:478][  0]SourceControl: Source control is disabled
[2017.12.11-02.13.58:700][  0]LogAndroidPermission: UAndroidPermissionCallbackProxy::GetInstance
[2017.12.11-02.13.59:445][  0]LogOcInput: OculusInput pre-init called
[2017.12.11-02.14.00:108][  0]LogEngine: Initializing Engine...
[2017.12.11-02.14.00:112][  0]LogHMD: Failed to initialize OpenVR with code 110
[2017.12.11-02.14.00:755][  0]LogStats: UGameplayTagsManager::ConstructGameplayTagTree: Construct from data asset -  0.000 s
[2017.12.11-02.14.00:755][  0]LogStats: UGameplayTagsManager::ConstructGameplayTagTree: GameplayTagTreeChangedEvent.Broadcast -  0.000 s
[2017.12.11-02.14.01:068][  0]LogAIModule: Creating AISystem for world Untitled
[2017.12.11-02.14.01:108][  0]LogInit: XAudio2 using 'BenQ GL2460-4 (NVIDIA High Definition Audio)' : 2 channels at 48 kHz using 16 bits per sample (channel mask 0x3)
[2017.12.11-02.14.01:143][  0]LogInit: FAudioDevice initialized.
[2017.12.11-02.14.01:333][  0]LogDerivedDataCache: Saved boot cache 0.19s 79MB C:/Users/Zakkar/AppData/Local/UnrealEngine/4.18/DerivedDataCache/Boot.ddc.
[2017.12.11-02.14.01:391][  0]LogInit: Texture streaming: Enabled
[2017.12.11-02.14.01:692][  0]LogEngineSessionManager: EngineSessionManager initialized
[2017.12.11-02.14.01:704][  0]LogEngineSessionManager: EngineSessionManager sent abnormal shutdown report. Type=Debugger, SessionId={46F73054-4432-2096-47A4-FCB9C2728D2F}
[2017.12.11-02.14.02:027][  0]LogInit: Transaction tracking system initialized
[2017.12.11-02.14.02:958][  0]BlueprintLog: New page: Editor Load
[2017.12.11-02.14.05:721][  0]LocalizationService: Localization service is disabled
[2017.12.11-02.14.07:815][  0]LogConsoleResponse: Display: 
[2017.12.11-02.14.09:143][  0]LogCook: Display: Max memory allowance for cook 16384mb min free memory 0mb
[2017.12.11-02.14.09:144][  0]LogCook: Display: Mobile HDR setting 1
[2017.12.11-02.14.09:144][  0]LogGameplayTags: Display: UGameplayTagsManager::DoneAddingNativeTags. DelegateIsBound: 0
[2017.12.11-02.14.09:241][  0]LogFileCache: Scanning file cache for directory 'C:/Users/Zakkar/Documents/GitHub/IKA/Bomberman/Content/' took 0.03s
[2017.12.11-02.14.12:515][  0]SourceControl: Source control is disabled
[2017.12.11-02.14.12:515][  0]Cmd: MAP LOAD FILE="../../../../../../Users/Zakkar/Documents/GitHub/IKA/Bomberman/Content/Maps/Gym.umap" TEMPLATE=0 SHOWPROGRESS=1 FEATURELEVEL=3
[2017.12.11-02.14.12:516][  0]LightingResults: New page: Lighting Build
[2017.12.11-02.14.12:603][  0]MapCheck: New page: Map Check
[2017.12.11-02.14.12:603][  0]LightingResults: New page: Lighting Build
[2017.12.11-02.14.12:999][  0]LogAIModule: Creating AISystem for world Gym
[2017.12.11-02.14.13:034][  0]LogEditorServer: Finished looking for orphan Actors (0.000 secs)
[2017.12.11-02.14.13:058][  0]Cmd: MAP CHECKDEP NOCLEARLOG
[2017.12.11-02.14.13:176][  0]MapCheck: Map check complete: 0 Error(s), 0 Warning(s), took 118.548ms to complete.
[2017.12.11-02.14.13:177][  0]LogFileHelpers: Loading map 'Gym' took 0.662
[2017.12.11-02.14.13:610][  0]LogCollectionManager: Loaded 0 collections in 0.004021 seconds
[2017.12.11-02.14.13:767][  0]LogFileCache: Scanning file cache for directory 'C:/Users/Zakkar/Documents/GitHub/IKA/Bomberman/Saved/Collections/' took 0.01s
[2017.12.11-02.14.13:768][  0]LogFileCache: Scanning file cache for directory 'C:/Users/Zakkar/Documents/GitHub/IKA/Bomberman/Content/Developers/Zakkar/Collections/' took 0.01s
[2017.12.11-02.14.13:768][  0]LogFileCache: Scanning file cache for directory 'C:/Users/Zakkar/Documents/GitHub/IKA/Bomberman/Content/Collections/' took 0.01s
[2017.12.11-02.14.13:768][  0]LogCollectionManager: Rebuilt the GUID cache for 0 collections in 0.000001 seconds
[2017.12.11-02.14.13:787][  0]LogContentBrowser: Native class hierarchy populated in 0.0192 seconds. Added 2370 classes and 522 folders.
[2017.12.11-02.14.13:947][  0]LogContentBrowser: Native class hierarchy updated for 'WidgetCarousel' in 0.0023 seconds. Added 0 classes and 0 folders.
[2017.12.11-02.14.15:518][  0]LogContentBrowser: Native class hierarchy updated for 'AddContentDialog' in 0.0018 seconds. Added 0 classes and 0 folders.
[2017.12.11-02.14.15:655][  0]LogContentBrowser: Native class hierarchy updated for 'SceneOutliner' in 0.0017 seconds. Added 1 classes and 2 folders.
[2017.12.11-02.14.15:859][  0]LogSlate: Took 0.000501 seconds to synchronously load lazily loaded font '../../../Engine/Content/Slate/Fonts/Roboto-Regular.ttf' (155K)
[2017.12.11-02.14.15:889][  0]LogSlate: Took 0.025132 seconds to synchronously load lazily loaded font '../../../Engine/Content/Slate/Fonts/Roboto-Bold.ttf' (160K)
[2017.12.11-02.14.15:913][  0]LogSlate: Took 0.016083 seconds to synchronously load lazily loaded font '../../../Engine/Content/Editor/Slate/Fonts/FontAwesome.ttf' (139K)
[2017.12.11-02.14.16:177][  0]LogRenderer: Reallocating scene render targets to support 1208x576 Format 10 NumSamples 1 (Frame:1).
[2017.12.11-02.14.16:259][  0]LogSlate: Took 0.000282 seconds to synchronously load lazily loaded font '../../../Engine/Content/Slate/Fonts/Roboto-Light.ttf' (159K)
[2017.12.11-02.14.16:580][  0]LogContentBrowser: Native class hierarchy updated for 'HierarchicalLODOutliner' in 0.0021 seconds. Added 1 classes and 2 folders.
[2017.12.11-02.14.16:580][  0]LogLoad: (Engine Initialization) Total time: 78.76 seconds
[2017.12.11-02.14.16:581][  0]LogLoad: (Engine Initialization) Total Blueprint compile time: 0.00 seconds
[2017.12.11-02.14.16:581][  0]LogExternalProfiler: Found external profiler: VSPerf
[2017.12.11-02.14.16:581][  0]LogExternalProfiler: Using external profiler: VSPerf
[2017.12.11-02.14.16:617][  0]LogContentStreaming: Texture pool size now 1000 MB
[2017.12.11-02.14.16:801][  2]LogAssetRegistry: Asset discovery search completed in 46.6237 seconds
[2017.12.11-02.14.16:805][  2]LogCollectionManager: Rebuilt the object cache for 0 collections in 0.000000 seconds (found 0 objects)
[2017.12.11-02.14.16:805][  2]LogCollectionManager: Fixed up redirectors for 0 collections in 0.000168 seconds (updated 0 objects)
[2017.12.11-02.25.57:121][945]LogTemp: Repeating last play command: Selected Viewport
[2017.12.11-02.25.57:352][945]LogBlueprintUserMessages: Early PlayInEditor Detection: Level '/Game/Maps/Gym.Gym:PersistentLevel' has LevelScriptBlueprint '/Game/Maps/Gym.Gym:PersistentLevel.Gym' with GeneratedClass '/Game/Maps/Gym.Gym_C' with ClassGeneratedBy '/Game/Maps/Gym.Gym:PersistentLevel.Gym'
[2017.12.11-02.25.57:352][945]LogPlayLevel: PlayLevel: No blueprints needed recompiling
[2017.12.11-02.25.57:438][945]PIE: New page: PIE session: Gym (Dec 10, 2017, 4:25:57 PM)
[2017.12.11-02.25.57:439][945]LogPlayLevel: Creating play world package: /Game/Maps/UEDPIE_0_Gym
[2017.12.11-02.25.57:462][945]LogPlayLevel: PIE: StaticDuplicateObject took: (0.023732s)
[2017.12.11-02.25.57:466][945]LogAIModule: Creating AISystem for world Gym
[2017.12.11-02.25.57:466][945]LogPlayLevel: PIE: World Init took: (0.002665s)
[2017.12.11-02.25.57:468][945]LogPlayLevel: PIE: Created PIE world by copying editor world from /Game/Maps/Gym.Gym to /Game/Maps/UEDPIE_0_Gym.Gym (0.029036s)
[2017.12.11-02.25.57:504][945]LogInit: XAudio2 using 'BenQ GL2460-4 (NVIDIA High Definition Audio)' : 2 channels at 48 kHz using 16 bits per sample (channel mask 0x3)
[2017.12.11-02.25.57:528][945]LogInit: FAudioDevice initialized.
[2017.12.11-02.25.57:600][945]LogLoad: Game class is 'CustomGameMode_C'
[2017.12.11-02.25.57:604][945]LogWorld: Bringing World /Game/Maps/UEDPIE_0_Gym.Gym up for play (max tick rate 0) at 2017.12.10-21.25.57
[2017.12.11-02.25.57:605][945]LogWorld: Bringing up level for play took: 0.001788
[2017.12.11-02.25.57:740][945]LogContentBrowser: Native class hierarchy updated for 'MovieSceneCapture' in 0.0027 seconds. Added 11 classes and 0 folders.
[2017.12.11-02.25.57:754][945]PIE: Play in editor start time for /Game/Maps/UEDPIE_0_Gym 0.736
[2017.12.11-02.25.57:754][945]LogBlueprintUserMessages: Late PlayInEditor Detection: Level '/Game/Maps/Gym.Gym:PersistentLevel' has LevelScriptBlueprint '/Game/Maps/Gym.Gym:PersistentLevel.Gym' with GeneratedClass '/Game/Maps/Gym.Gym_C' with ClassGeneratedBy '/Game/Maps/Gym.Gym:PersistentLevel.Gym'
[2017.12.11-02.28.23:787][661]LogBlueprintUserMessages: Early EndPlayMap Detection: Level '/Game/Maps/Gym.Gym:PersistentLevel' has LevelScriptBlueprint '/Game/Maps/Gym.Gym:PersistentLevel.Gym' with GeneratedClass '/Game/Maps/Gym.Gym_C' with ClassGeneratedBy '/Game/Maps/Gym.Gym:PersistentLevel.Gym'
[2017.12.11-02.28.23:836][661]LogBlueprintUserMessages: Late EndPlayMap Detection: Level '/Game/Maps/Gym.Gym:PersistentLevel' has LevelScriptBlueprint '/Game/Maps/Gym.Gym:PersistentLevel.Gym' with GeneratedClass '/Game/Maps/Gym.Gym_C' with ClassGeneratedBy '/Game/Maps/Gym.Gym:PersistentLevel.Gym'
